<?xml version="1.0" encoding="UTF-8"?>
<testsuites>
  <testsuite name="/home/rynrd/Documents/Project/agent/inspekorat/phpunit.dusk.xml" tests="27" assertions="7" errors="20" failures="1" skipped="0" time="73.445768">
    <testsuite name="Browser Test Suite" tests="27" assertions="7" errors="20" failures="1" skipped="0" time="73.445768">
      <testsuite name="Tests\Browser\Admin\AuditLogTest" file="/home/rynrd/Documents/Project/agent/inspekorat/tests/Browser/Admin/AuditLogTest.php" tests="14" assertions="0" errors="14" failures="0" skipped="0" time="0.000000">
        <testcase name="testAuditLogIndexPage" file="/home/rynrd/Documents/Project/agent/inspekorat/tests/Browser/Admin/AuditLogTest.php" line="88" class="Tests\Browser\Admin\AuditLogTest" classname="Tests.Browser.Admin.AuditLogTest" assertions="0" time="0.000000">
          <error type="TypeError">Tests\Browser\Admin\AuditLogTest::testAuditLogIndexPage
TypeError: Illuminate\Database\Grammar::parameterize(): Argument #1 ($values) must be of type array, string given, called in /home/rynrd/Documents/Project/agent/inspekorat/vendor/laravel/framework/src/Illuminate/Database/Query/Grammars/Grammar.php on line 1181

/home/rynrd/Documents/Project/agent/inspekorat/vendor/laravel/framework/src/Illuminate/Database/Grammar.php:207
/home/rynrd/Documents/Project/agent/inspekorat/vendor/laravel/framework/src/Illuminate/Database/Query/Grammars/Grammar.php:1181
/home/rynrd/Documents/Project/agent/inspekorat/vendor/laravel/framework/src/Illuminate/Collections/Arr.php:749
/home/rynrd/Documents/Project/agent/inspekorat/vendor/laravel/framework/src/Illuminate/Collections/Collection.php:809
/home/rynrd/Documents/Project/agent/inspekorat/vendor/laravel/framework/src/Illuminate/Database/Query/Grammars/Grammar.php:1180
/home/rynrd/Documents/Project/agent/inspekorat/vendor/laravel/framework/src/Illuminate/Database/Query/Grammars/MySqlGrammar.php:323
/home/rynrd/Documents/Project/agent/inspekorat/vendor/laravel/framework/src/Illuminate/Database/Query/Grammars/Grammar.php:1211
/home/rynrd/Documents/Project/agent/inspekorat/vendor/laravel/framework/src/Illuminate/Database/Query/Builder.php:3792
/home/rynrd/Documents/Project/agent/inspekorat/vendor/laravel/framework/src/Illuminate/Database/Eloquent/Builder.php:2205
/home/rynrd/Documents/Project/agent/inspekorat/vendor/laravel/framework/src/Illuminate/Database/Eloquent/Model.php:1410
/home/rynrd/Documents/Project/agent/inspekorat/vendor/laravel/framework/src/Illuminate/Database/Eloquent/Model.php:1375
/home/rynrd/Documents/Project/agent/inspekorat/vendor/laravel/framework/src/Illuminate/Database/Eloquent/Model.php:1214
/home/rynrd/Documents/Project/agent/inspekorat/vendor/laravel/framework/src/Illuminate/Database/Eloquent/Builder.php:1189
/home/rynrd/Documents/Project/agent/inspekorat/vendor/laravel/framework/src/Illuminate/Support/helpers.php:399
/home/rynrd/Documents/Project/agent/inspekorat/vendor/laravel/framework/src/Illuminate/Database/Eloquent/Builder.php:1188
/home/rynrd/Documents/Project/agent/inspekorat/vendor/laravel/framework/src/Illuminate/Support/Traits/ForwardsCalls.php:23
/home/rynrd/Documents/Project/agent/inspekorat/vendor/laravel/framework/src/Illuminate/Database/Eloquent/Model.php:2496
/home/rynrd/Documents/Project/agent/inspekorat/vendor/laravel/framework/src/Illuminate/Database/Eloquent/Model.php:2512
/home/rynrd/Documents/Project/agent/inspekorat/tests/Browser/Admin/AuditLogTest.php:40
/home/rynrd/Documents/Project/agent/inspekorat/tests/Browser/Admin/AuditLogTest.php:34</error>
        </testcase>
        <testcase name="testAuditLogPagination" file="/home/rynrd/Documents/Project/agent/inspekorat/tests/Browser/Admin/AuditLogTest.php" line="105" class="Tests\Browser\Admin\AuditLogTest" classname="Tests.Browser.Admin.AuditLogTest" assertions="0" time="0.000000">
          <error type="TypeError">Tests\Browser\Admin\AuditLogTest::testAuditLogPagination
TypeError: Illuminate\Database\Grammar::parameterize(): Argument #1 ($values) must be of type array, string given, called in /home/rynrd/Documents/Project/agent/inspekorat/vendor/laravel/framework/src/Illuminate/Database/Query/Grammars/Grammar.php on line 1181

/home/rynrd/Documents/Project/agent/inspekorat/vendor/laravel/framework/src/Illuminate/Database/Grammar.php:207
/home/rynrd/Documents/Project/agent/inspekorat/vendor/laravel/framework/src/Illuminate/Database/Query/Grammars/Grammar.php:1181
/home/rynrd/Documents/Project/agent/inspekorat/vendor/laravel/framework/src/Illuminate/Collections/Arr.php:749
/home/rynrd/Documents/Project/agent/inspekorat/vendor/laravel/framework/src/Illuminate/Collections/Collection.php:809
/home/rynrd/Documents/Project/agent/inspekorat/vendor/laravel/framework/src/Illuminate/Database/Query/Grammars/Grammar.php:1180
/home/rynrd/Documents/Project/agent/inspekorat/vendor/laravel/framework/src/Illuminate/Database/Query/Grammars/MySqlGrammar.php:323
/home/rynrd/Documents/Project/agent/inspekorat/vendor/laravel/framework/src/Illuminate/Database/Query/Grammars/Grammar.php:1211
/home/rynrd/Documents/Project/agent/inspekorat/vendor/laravel/framework/src/Illuminate/Database/Query/Builder.php:3792
/home/rynrd/Documents/Project/agent/inspekorat/vendor/laravel/framework/src/Illuminate/Database/Eloquent/Builder.php:2205
/home/rynrd/Documents/Project/agent/inspekorat/vendor/laravel/framework/src/Illuminate/Database/Eloquent/Model.php:1410
/home/rynrd/Documents/Project/agent/inspekorat/vendor/laravel/framework/src/Illuminate/Database/Eloquent/Model.php:1375
/home/rynrd/Documents/Project/agent/inspekorat/vendor/laravel/framework/src/Illuminate/Database/Eloquent/Model.php:1214
/home/rynrd/Documents/Project/agent/inspekorat/vendor/laravel/framework/src/Illuminate/Database/Eloquent/Builder.php:1189
/home/rynrd/Documents/Project/agent/inspekorat/vendor/laravel/framework/src/Illuminate/Support/helpers.php:399
/home/rynrd/Documents/Project/agent/inspekorat/vendor/laravel/framework/src/Illuminate/Database/Eloquent/Builder.php:1188
/home/rynrd/Documents/Project/agent/inspekorat/vendor/laravel/framework/src/Illuminate/Support/Traits/ForwardsCalls.php:23
/home/rynrd/Documents/Project/agent/inspekorat/vendor/laravel/framework/src/Illuminate/Database/Eloquent/Model.php:2496
/home/rynrd/Documents/Project/agent/inspekorat/vendor/laravel/framework/src/Illuminate/Database/Eloquent/Model.php:2512
/home/rynrd/Documents/Project/agent/inspekorat/tests/Browser/Admin/AuditLogTest.php:40
/home/rynrd/Documents/Project/agent/inspekorat/tests/Browser/Admin/AuditLogTest.php:34</error>
        </testcase>
        <testcase name="testAuditLogUserFilter" file="/home/rynrd/Documents/Project/agent/inspekorat/tests/Browser/Admin/AuditLogTest.php" line="120" class="Tests\Browser\Admin\AuditLogTest" classname="Tests.Browser.Admin.AuditLogTest" assertions="0" time="0.000000">
          <error type="TypeError">Tests\Browser\Admin\AuditLogTest::testAuditLogUserFilter
TypeError: Illuminate\Database\Grammar::parameterize(): Argument #1 ($values) must be of type array, string given, called in /home/rynrd/Documents/Project/agent/inspekorat/vendor/laravel/framework/src/Illuminate/Database/Query/Grammars/Grammar.php on line 1181

/home/rynrd/Documents/Project/agent/inspekorat/vendor/laravel/framework/src/Illuminate/Database/Grammar.php:207
/home/rynrd/Documents/Project/agent/inspekorat/vendor/laravel/framework/src/Illuminate/Database/Query/Grammars/Grammar.php:1181
/home/rynrd/Documents/Project/agent/inspekorat/vendor/laravel/framework/src/Illuminate/Collections/Arr.php:749
/home/rynrd/Documents/Project/agent/inspekorat/vendor/laravel/framework/src/Illuminate/Collections/Collection.php:809
/home/rynrd/Documents/Project/agent/inspekorat/vendor/laravel/framework/src/Illuminate/Database/Query/Grammars/Grammar.php:1180
/home/rynrd/Documents/Project/agent/inspekorat/vendor/laravel/framework/src/Illuminate/Database/Query/Grammars/MySqlGrammar.php:323
/home/rynrd/Documents/Project/agent/inspekorat/vendor/laravel/framework/src/Illuminate/Database/Query/Grammars/Grammar.php:1211
/home/rynrd/Documents/Project/agent/inspekorat/vendor/laravel/framework/src/Illuminate/Database/Query/Builder.php:3792
/home/rynrd/Documents/Project/agent/inspekorat/vendor/laravel/framework/src/Illuminate/Database/Eloquent/Builder.php:2205
/home/rynrd/Documents/Project/agent/inspekorat/vendor/laravel/framework/src/Illuminate/Database/Eloquent/Model.php:1410
/home/rynrd/Documents/Project/agent/inspekorat/vendor/laravel/framework/src/Illuminate/Database/Eloquent/Model.php:1375
/home/rynrd/Documents/Project/agent/inspekorat/vendor/laravel/framework/src/Illuminate/Database/Eloquent/Model.php:1214
/home/rynrd/Documents/Project/agent/inspekorat/vendor/laravel/framework/src/Illuminate/Database/Eloquent/Builder.php:1189
/home/rynrd/Documents/Project/agent/inspekorat/vendor/laravel/framework/src/Illuminate/Support/helpers.php:399
/home/rynrd/Documents/Project/agent/inspekorat/vendor/laravel/framework/src/Illuminate/Database/Eloquent/Builder.php:1188
/home/rynrd/Documents/Project/agent/inspekorat/vendor/laravel/framework/src/Illuminate/Support/Traits/ForwardsCalls.php:23
/home/rynrd/Documents/Project/agent/inspekorat/vendor/laravel/framework/src/Illuminate/Database/Eloquent/Model.php:2496
/home/rynrd/Documents/Project/agent/inspekorat/vendor/laravel/framework/src/Illuminate/Database/Eloquent/Model.php:2512
/home/rynrd/Documents/Project/agent/inspekorat/tests/Browser/Admin/AuditLogTest.php:40
/home/rynrd/Documents/Project/agent/inspekorat/tests/Browser/Admin/AuditLogTest.php:34</error>
        </testcase>
        <testcase name="testAuditLogActionFilter" file="/home/rynrd/Documents/Project/agent/inspekorat/tests/Browser/Admin/AuditLogTest.php" line="136" class="Tests\Browser\Admin\AuditLogTest" classname="Tests.Browser.Admin.AuditLogTest" assertions="0" time="0.000000">
          <error type="TypeError">Tests\Browser\Admin\AuditLogTest::testAuditLogActionFilter
TypeError: Illuminate\Database\Grammar::parameterize(): Argument #1 ($values) must be of type array, string given, called in /home/rynrd/Documents/Project/agent/inspekorat/vendor/laravel/framework/src/Illuminate/Database/Query/Grammars/Grammar.php on line 1181

/home/rynrd/Documents/Project/agent/inspekorat/vendor/laravel/framework/src/Illuminate/Database/Grammar.php:207
/home/rynrd/Documents/Project/agent/inspekorat/vendor/laravel/framework/src/Illuminate/Database/Query/Grammars/Grammar.php:1181
/home/rynrd/Documents/Project/agent/inspekorat/vendor/laravel/framework/src/Illuminate/Collections/Arr.php:749
/home/rynrd/Documents/Project/agent/inspekorat/vendor/laravel/framework/src/Illuminate/Collections/Collection.php:809
/home/rynrd/Documents/Project/agent/inspekorat/vendor/laravel/framework/src/Illuminate/Database/Query/Grammars/Grammar.php:1180
/home/rynrd/Documents/Project/agent/inspekorat/vendor/laravel/framework/src/Illuminate/Database/Query/Grammars/MySqlGrammar.php:323
/home/rynrd/Documents/Project/agent/inspekorat/vendor/laravel/framework/src/Illuminate/Database/Query/Grammars/Grammar.php:1211
/home/rynrd/Documents/Project/agent/inspekorat/vendor/laravel/framework/src/Illuminate/Database/Query/Builder.php:3792
/home/rynrd/Documents/Project/agent/inspekorat/vendor/laravel/framework/src/Illuminate/Database/Eloquent/Builder.php:2205
/home/rynrd/Documents/Project/agent/inspekorat/vendor/laravel/framework/src/Illuminate/Database/Eloquent/Model.php:1410
/home/rynrd/Documents/Project/agent/inspekorat/vendor/laravel/framework/src/Illuminate/Database/Eloquent/Model.php:1375
/home/rynrd/Documents/Project/agent/inspekorat/vendor/laravel/framework/src/Illuminate/Database/Eloquent/Model.php:1214
/home/rynrd/Documents/Project/agent/inspekorat/vendor/laravel/framework/src/Illuminate/Database/Eloquent/Builder.php:1189
/home/rynrd/Documents/Project/agent/inspekorat/vendor/laravel/framework/src/Illuminate/Support/helpers.php:399
/home/rynrd/Documents/Project/agent/inspekorat/vendor/laravel/framework/src/Illuminate/Database/Eloquent/Builder.php:1188
/home/rynrd/Documents/Project/agent/inspekorat/vendor/laravel/framework/src/Illuminate/Support/Traits/ForwardsCalls.php:23
/home/rynrd/Documents/Project/agent/inspekorat/vendor/laravel/framework/src/Illuminate/Database/Eloquent/Model.php:2496
/home/rynrd/Documents/Project/agent/inspekorat/vendor/laravel/framework/src/Illuminate/Database/Eloquent/Model.php:2512
/home/rynrd/Documents/Project/agent/inspekorat/tests/Browser/Admin/AuditLogTest.php:40
/home/rynrd/Documents/Project/agent/inspekorat/tests/Browser/Admin/AuditLogTest.php:34</error>
        </testcase>
        <testcase name="testAuditLogModelFilter" file="/home/rynrd/Documents/Project/agent/inspekorat/tests/Browser/Admin/AuditLogTest.php" line="152" class="Tests\Browser\Admin\AuditLogTest" classname="Tests.Browser.Admin.AuditLogTest" assertions="0" time="0.000000">
          <error type="TypeError">Tests\Browser\Admin\AuditLogTest::testAuditLogModelFilter
TypeError: Illuminate\Database\Grammar::parameterize(): Argument #1 ($values) must be of type array, string given, called in /home/rynrd/Documents/Project/agent/inspekorat/vendor/laravel/framework/src/Illuminate/Database/Query/Grammars/Grammar.php on line 1181

/home/rynrd/Documents/Project/agent/inspekorat/vendor/laravel/framework/src/Illuminate/Database/Grammar.php:207
/home/rynrd/Documents/Project/agent/inspekorat/vendor/laravel/framework/src/Illuminate/Database/Query/Grammars/Grammar.php:1181
/home/rynrd/Documents/Project/agent/inspekorat/vendor/laravel/framework/src/Illuminate/Collections/Arr.php:749
/home/rynrd/Documents/Project/agent/inspekorat/vendor/laravel/framework/src/Illuminate/Collections/Collection.php:809
/home/rynrd/Documents/Project/agent/inspekorat/vendor/laravel/framework/src/Illuminate/Database/Query/Grammars/Grammar.php:1180
/home/rynrd/Documents/Project/agent/inspekorat/vendor/laravel/framework/src/Illuminate/Database/Query/Grammars/MySqlGrammar.php:323
/home/rynrd/Documents/Project/agent/inspekorat/vendor/laravel/framework/src/Illuminate/Database/Query/Grammars/Grammar.php:1211
/home/rynrd/Documents/Project/agent/inspekorat/vendor/laravel/framework/src/Illuminate/Database/Query/Builder.php:3792
/home/rynrd/Documents/Project/agent/inspekorat/vendor/laravel/framework/src/Illuminate/Database/Eloquent/Builder.php:2205
/home/rynrd/Documents/Project/agent/inspekorat/vendor/laravel/framework/src/Illuminate/Database/Eloquent/Model.php:1410
/home/rynrd/Documents/Project/agent/inspekorat/vendor/laravel/framework/src/Illuminate/Database/Eloquent/Model.php:1375
/home/rynrd/Documents/Project/agent/inspekorat/vendor/laravel/framework/src/Illuminate/Database/Eloquent/Model.php:1214
/home/rynrd/Documents/Project/agent/inspekorat/vendor/laravel/framework/src/Illuminate/Database/Eloquent/Builder.php:1189
/home/rynrd/Documents/Project/agent/inspekorat/vendor/laravel/framework/src/Illuminate/Support/helpers.php:399
/home/rynrd/Documents/Project/agent/inspekorat/vendor/laravel/framework/src/Illuminate/Database/Eloquent/Builder.php:1188
/home/rynrd/Documents/Project/agent/inspekorat/vendor/laravel/framework/src/Illuminate/Support/Traits/ForwardsCalls.php:23
/home/rynrd/Documents/Project/agent/inspekorat/vendor/laravel/framework/src/Illuminate/Database/Eloquent/Model.php:2496
/home/rynrd/Documents/Project/agent/inspekorat/vendor/laravel/framework/src/Illuminate/Database/Eloquent/Model.php:2512
/home/rynrd/Documents/Project/agent/inspekorat/tests/Browser/Admin/AuditLogTest.php:40
/home/rynrd/Documents/Project/agent/inspekorat/tests/Browser/Admin/AuditLogTest.php:34</error>
        </testcase>
        <testcase name="testAuditLogDateFilter" file="/home/rynrd/Documents/Project/agent/inspekorat/tests/Browser/Admin/AuditLogTest.php" line="168" class="Tests\Browser\Admin\AuditLogTest" classname="Tests.Browser.Admin.AuditLogTest" assertions="0" time="0.000000">
          <error type="TypeError">Tests\Browser\Admin\AuditLogTest::testAuditLogDateFilter
TypeError: Illuminate\Database\Grammar::parameterize(): Argument #1 ($values) must be of type array, string given, called in /home/rynrd/Documents/Project/agent/inspekorat/vendor/laravel/framework/src/Illuminate/Database/Query/Grammars/Grammar.php on line 1181

/home/rynrd/Documents/Project/agent/inspekorat/vendor/laravel/framework/src/Illuminate/Database/Grammar.php:207
/home/rynrd/Documents/Project/agent/inspekorat/vendor/laravel/framework/src/Illuminate/Database/Query/Grammars/Grammar.php:1181
/home/rynrd/Documents/Project/agent/inspekorat/vendor/laravel/framework/src/Illuminate/Collections/Arr.php:749
/home/rynrd/Documents/Project/agent/inspekorat/vendor/laravel/framework/src/Illuminate/Collections/Collection.php:809
/home/rynrd/Documents/Project/agent/inspekorat/vendor/laravel/framework/src/Illuminate/Database/Query/Grammars/Grammar.php:1180
/home/rynrd/Documents/Project/agent/inspekorat/vendor/laravel/framework/src/Illuminate/Database/Query/Grammars/MySqlGrammar.php:323
/home/rynrd/Documents/Project/agent/inspekorat/vendor/laravel/framework/src/Illuminate/Database/Query/Grammars/Grammar.php:1211
/home/rynrd/Documents/Project/agent/inspekorat/vendor/laravel/framework/src/Illuminate/Database/Query/Builder.php:3792
/home/rynrd/Documents/Project/agent/inspekorat/vendor/laravel/framework/src/Illuminate/Database/Eloquent/Builder.php:2205
/home/rynrd/Documents/Project/agent/inspekorat/vendor/laravel/framework/src/Illuminate/Database/Eloquent/Model.php:1410
/home/rynrd/Documents/Project/agent/inspekorat/vendor/laravel/framework/src/Illuminate/Database/Eloquent/Model.php:1375
/home/rynrd/Documents/Project/agent/inspekorat/vendor/laravel/framework/src/Illuminate/Database/Eloquent/Model.php:1214
/home/rynrd/Documents/Project/agent/inspekorat/vendor/laravel/framework/src/Illuminate/Database/Eloquent/Builder.php:1189
/home/rynrd/Documents/Project/agent/inspekorat/vendor/laravel/framework/src/Illuminate/Support/helpers.php:399
/home/rynrd/Documents/Project/agent/inspekorat/vendor/laravel/framework/src/Illuminate/Database/Eloquent/Builder.php:1188
/home/rynrd/Documents/Project/agent/inspekorat/vendor/laravel/framework/src/Illuminate/Support/Traits/ForwardsCalls.php:23
/home/rynrd/Documents/Project/agent/inspekorat/vendor/laravel/framework/src/Illuminate/Database/Eloquent/Model.php:2496
/home/rynrd/Documents/Project/agent/inspekorat/vendor/laravel/framework/src/Illuminate/Database/Eloquent/Model.php:2512
/home/rynrd/Documents/Project/agent/inspekorat/tests/Browser/Admin/AuditLogTest.php:40
/home/rynrd/Documents/Project/agent/inspekorat/tests/Browser/Admin/AuditLogTest.php:34</error>
        </testcase>
        <testcase name="testAuditLogShowDetail" file="/home/rynrd/Documents/Project/agent/inspekorat/tests/Browser/Admin/AuditLogTest.php" line="184" class="Tests\Browser\Admin\AuditLogTest" classname="Tests.Browser.Admin.AuditLogTest" assertions="0" time="0.000000">
          <error type="TypeError">Tests\Browser\Admin\AuditLogTest::testAuditLogShowDetail
TypeError: Illuminate\Database\Grammar::parameterize(): Argument #1 ($values) must be of type array, string given, called in /home/rynrd/Documents/Project/agent/inspekorat/vendor/laravel/framework/src/Illuminate/Database/Query/Grammars/Grammar.php on line 1181

/home/rynrd/Documents/Project/agent/inspekorat/vendor/laravel/framework/src/Illuminate/Database/Grammar.php:207
/home/rynrd/Documents/Project/agent/inspekorat/vendor/laravel/framework/src/Illuminate/Database/Query/Grammars/Grammar.php:1181
/home/rynrd/Documents/Project/agent/inspekorat/vendor/laravel/framework/src/Illuminate/Collections/Arr.php:749
/home/rynrd/Documents/Project/agent/inspekorat/vendor/laravel/framework/src/Illuminate/Collections/Collection.php:809
/home/rynrd/Documents/Project/agent/inspekorat/vendor/laravel/framework/src/Illuminate/Database/Query/Grammars/Grammar.php:1180
/home/rynrd/Documents/Project/agent/inspekorat/vendor/laravel/framework/src/Illuminate/Database/Query/Grammars/MySqlGrammar.php:323
/home/rynrd/Documents/Project/agent/inspekorat/vendor/laravel/framework/src/Illuminate/Database/Query/Grammars/Grammar.php:1211
/home/rynrd/Documents/Project/agent/inspekorat/vendor/laravel/framework/src/Illuminate/Database/Query/Builder.php:3792
/home/rynrd/Documents/Project/agent/inspekorat/vendor/laravel/framework/src/Illuminate/Database/Eloquent/Builder.php:2205
/home/rynrd/Documents/Project/agent/inspekorat/vendor/laravel/framework/src/Illuminate/Database/Eloquent/Model.php:1410
/home/rynrd/Documents/Project/agent/inspekorat/vendor/laravel/framework/src/Illuminate/Database/Eloquent/Model.php:1375
/home/rynrd/Documents/Project/agent/inspekorat/vendor/laravel/framework/src/Illuminate/Database/Eloquent/Model.php:1214
/home/rynrd/Documents/Project/agent/inspekorat/vendor/laravel/framework/src/Illuminate/Database/Eloquent/Builder.php:1189
/home/rynrd/Documents/Project/agent/inspekorat/vendor/laravel/framework/src/Illuminate/Support/helpers.php:399
/home/rynrd/Documents/Project/agent/inspekorat/vendor/laravel/framework/src/Illuminate/Database/Eloquent/Builder.php:1188
/home/rynrd/Documents/Project/agent/inspekorat/vendor/laravel/framework/src/Illuminate/Support/Traits/ForwardsCalls.php:23
/home/rynrd/Documents/Project/agent/inspekorat/vendor/laravel/framework/src/Illuminate/Database/Eloquent/Model.php:2496
/home/rynrd/Documents/Project/agent/inspekorat/vendor/laravel/framework/src/Illuminate/Database/Eloquent/Model.php:2512
/home/rynrd/Documents/Project/agent/inspekorat/tests/Browser/Admin/AuditLogTest.php:40
/home/rynrd/Documents/Project/agent/inspekorat/tests/Browser/Admin/AuditLogTest.php:34</error>
        </testcase>
        <testcase name="testAuditLogExport" file="/home/rynrd/Documents/Project/agent/inspekorat/tests/Browser/Admin/AuditLogTest.php" line="202" class="Tests\Browser\Admin\AuditLogTest" classname="Tests.Browser.Admin.AuditLogTest" assertions="0" time="0.000000">
          <error type="TypeError">Tests\Browser\Admin\AuditLogTest::testAuditLogExport
TypeError: Illuminate\Database\Grammar::parameterize(): Argument #1 ($values) must be of type array, string given, called in /home/rynrd/Documents/Project/agent/inspekorat/vendor/laravel/framework/src/Illuminate/Database/Query/Grammars/Grammar.php on line 1181

/home/rynrd/Documents/Project/agent/inspekorat/vendor/laravel/framework/src/Illuminate/Database/Grammar.php:207
/home/rynrd/Documents/Project/agent/inspekorat/vendor/laravel/framework/src/Illuminate/Database/Query/Grammars/Grammar.php:1181
/home/rynrd/Documents/Project/agent/inspekorat/vendor/laravel/framework/src/Illuminate/Collections/Arr.php:749
/home/rynrd/Documents/Project/agent/inspekorat/vendor/laravel/framework/src/Illuminate/Collections/Collection.php:809
/home/rynrd/Documents/Project/agent/inspekorat/vendor/laravel/framework/src/Illuminate/Database/Query/Grammars/Grammar.php:1180
/home/rynrd/Documents/Project/agent/inspekorat/vendor/laravel/framework/src/Illuminate/Database/Query/Grammars/MySqlGrammar.php:323
/home/rynrd/Documents/Project/agent/inspekorat/vendor/laravel/framework/src/Illuminate/Database/Query/Grammars/Grammar.php:1211
/home/rynrd/Documents/Project/agent/inspekorat/vendor/laravel/framework/src/Illuminate/Database/Query/Builder.php:3792
/home/rynrd/Documents/Project/agent/inspekorat/vendor/laravel/framework/src/Illuminate/Database/Eloquent/Builder.php:2205
/home/rynrd/Documents/Project/agent/inspekorat/vendor/laravel/framework/src/Illuminate/Database/Eloquent/Model.php:1410
/home/rynrd/Documents/Project/agent/inspekorat/vendor/laravel/framework/src/Illuminate/Database/Eloquent/Model.php:1375
/home/rynrd/Documents/Project/agent/inspekorat/vendor/laravel/framework/src/Illuminate/Database/Eloquent/Model.php:1214
/home/rynrd/Documents/Project/agent/inspekorat/vendor/laravel/framework/src/Illuminate/Database/Eloquent/Builder.php:1189
/home/rynrd/Documents/Project/agent/inspekorat/vendor/laravel/framework/src/Illuminate/Support/helpers.php:399
/home/rynrd/Documents/Project/agent/inspekorat/vendor/laravel/framework/src/Illuminate/Database/Eloquent/Builder.php:1188
/home/rynrd/Documents/Project/agent/inspekorat/vendor/laravel/framework/src/Illuminate/Support/Traits/ForwardsCalls.php:23
/home/rynrd/Documents/Project/agent/inspekorat/vendor/laravel/framework/src/Illuminate/Database/Eloquent/Model.php:2496
/home/rynrd/Documents/Project/agent/inspekorat/vendor/laravel/framework/src/Illuminate/Database/Eloquent/Model.php:2512
/home/rynrd/Documents/Project/agent/inspekorat/tests/Browser/Admin/AuditLogTest.php:40
/home/rynrd/Documents/Project/agent/inspekorat/tests/Browser/Admin/AuditLogTest.php:34</error>
        </testcase>
        <testcase name="testAuditLogStatistics" file="/home/rynrd/Documents/Project/agent/inspekorat/tests/Browser/Admin/AuditLogTest.php" line="216" class="Tests\Browser\Admin\AuditLogTest" classname="Tests.Browser.Admin.AuditLogTest" assertions="0" time="0.000000">
          <error type="TypeError">Tests\Browser\Admin\AuditLogTest::testAuditLogStatistics
TypeError: Illuminate\Database\Grammar::parameterize(): Argument #1 ($values) must be of type array, string given, called in /home/rynrd/Documents/Project/agent/inspekorat/vendor/laravel/framework/src/Illuminate/Database/Query/Grammars/Grammar.php on line 1181

/home/rynrd/Documents/Project/agent/inspekorat/vendor/laravel/framework/src/Illuminate/Database/Grammar.php:207
/home/rynrd/Documents/Project/agent/inspekorat/vendor/laravel/framework/src/Illuminate/Database/Query/Grammars/Grammar.php:1181
/home/rynrd/Documents/Project/agent/inspekorat/vendor/laravel/framework/src/Illuminate/Collections/Arr.php:749
/home/rynrd/Documents/Project/agent/inspekorat/vendor/laravel/framework/src/Illuminate/Collections/Collection.php:809
/home/rynrd/Documents/Project/agent/inspekorat/vendor/laravel/framework/src/Illuminate/Database/Query/Grammars/Grammar.php:1180
/home/rynrd/Documents/Project/agent/inspekorat/vendor/laravel/framework/src/Illuminate/Database/Query/Grammars/MySqlGrammar.php:323
/home/rynrd/Documents/Project/agent/inspekorat/vendor/laravel/framework/src/Illuminate/Database/Query/Grammars/Grammar.php:1211
/home/rynrd/Documents/Project/agent/inspekorat/vendor/laravel/framework/src/Illuminate/Database/Query/Builder.php:3792
/home/rynrd/Documents/Project/agent/inspekorat/vendor/laravel/framework/src/Illuminate/Database/Eloquent/Builder.php:2205
/home/rynrd/Documents/Project/agent/inspekorat/vendor/laravel/framework/src/Illuminate/Database/Eloquent/Model.php:1410
/home/rynrd/Documents/Project/agent/inspekorat/vendor/laravel/framework/src/Illuminate/Database/Eloquent/Model.php:1375
/home/rynrd/Documents/Project/agent/inspekorat/vendor/laravel/framework/src/Illuminate/Database/Eloquent/Model.php:1214
/home/rynrd/Documents/Project/agent/inspekorat/vendor/laravel/framework/src/Illuminate/Database/Eloquent/Builder.php:1189
/home/rynrd/Documents/Project/agent/inspekorat/vendor/laravel/framework/src/Illuminate/Support/helpers.php:399
/home/rynrd/Documents/Project/agent/inspekorat/vendor/laravel/framework/src/Illuminate/Database/Eloquent/Builder.php:1188
/home/rynrd/Documents/Project/agent/inspekorat/vendor/laravel/framework/src/Illuminate/Support/Traits/ForwardsCalls.php:23
/home/rynrd/Documents/Project/agent/inspekorat/vendor/laravel/framework/src/Illuminate/Database/Eloquent/Model.php:2496
/home/rynrd/Documents/Project/agent/inspekorat/vendor/laravel/framework/src/Illuminate/Database/Eloquent/Model.php:2512
/home/rynrd/Documents/Project/agent/inspekorat/tests/Browser/Admin/AuditLogTest.php:40
/home/rynrd/Documents/Project/agent/inspekorat/tests/Browser/Admin/AuditLogTest.php:34</error>
        </testcase>
        <testcase name="testAuditLogSearch" file="/home/rynrd/Documents/Project/agent/inspekorat/tests/Browser/Admin/AuditLogTest.php" line="233" class="Tests\Browser\Admin\AuditLogTest" classname="Tests.Browser.Admin.AuditLogTest" assertions="0" time="0.000000">
          <error type="TypeError">Tests\Browser\Admin\AuditLogTest::testAuditLogSearch
TypeError: Illuminate\Database\Grammar::parameterize(): Argument #1 ($values) must be of type array, string given, called in /home/rynrd/Documents/Project/agent/inspekorat/vendor/laravel/framework/src/Illuminate/Database/Query/Grammars/Grammar.php on line 1181

/home/rynrd/Documents/Project/agent/inspekorat/vendor/laravel/framework/src/Illuminate/Database/Grammar.php:207
/home/rynrd/Documents/Project/agent/inspekorat/vendor/laravel/framework/src/Illuminate/Database/Query/Grammars/Grammar.php:1181
/home/rynrd/Documents/Project/agent/inspekorat/vendor/laravel/framework/src/Illuminate/Collections/Arr.php:749
/home/rynrd/Documents/Project/agent/inspekorat/vendor/laravel/framework/src/Illuminate/Collections/Collection.php:809
/home/rynrd/Documents/Project/agent/inspekorat/vendor/laravel/framework/src/Illuminate/Database/Query/Grammars/Grammar.php:1180
/home/rynrd/Documents/Project/agent/inspekorat/vendor/laravel/framework/src/Illuminate/Database/Query/Grammars/MySqlGrammar.php:323
/home/rynrd/Documents/Project/agent/inspekorat/vendor/laravel/framework/src/Illuminate/Database/Query/Grammars/Grammar.php:1211
/home/rynrd/Documents/Project/agent/inspekorat/vendor/laravel/framework/src/Illuminate/Database/Query/Builder.php:3792
/home/rynrd/Documents/Project/agent/inspekorat/vendor/laravel/framework/src/Illuminate/Database/Eloquent/Builder.php:2205
/home/rynrd/Documents/Project/agent/inspekorat/vendor/laravel/framework/src/Illuminate/Database/Eloquent/Model.php:1410
/home/rynrd/Documents/Project/agent/inspekorat/vendor/laravel/framework/src/Illuminate/Database/Eloquent/Model.php:1375
/home/rynrd/Documents/Project/agent/inspekorat/vendor/laravel/framework/src/Illuminate/Database/Eloquent/Model.php:1214
/home/rynrd/Documents/Project/agent/inspekorat/vendor/laravel/framework/src/Illuminate/Database/Eloquent/Builder.php:1189
/home/rynrd/Documents/Project/agent/inspekorat/vendor/laravel/framework/src/Illuminate/Support/helpers.php:399
/home/rynrd/Documents/Project/agent/inspekorat/vendor/laravel/framework/src/Illuminate/Database/Eloquent/Builder.php:1188
/home/rynrd/Documents/Project/agent/inspekorat/vendor/laravel/framework/src/Illuminate/Support/Traits/ForwardsCalls.php:23
/home/rynrd/Documents/Project/agent/inspekorat/vendor/laravel/framework/src/Illuminate/Database/Eloquent/Model.php:2496
/home/rynrd/Documents/Project/agent/inspekorat/vendor/laravel/framework/src/Illuminate/Database/Eloquent/Model.php:2512
/home/rynrd/Documents/Project/agent/inspekorat/tests/Browser/Admin/AuditLogTest.php:40
/home/rynrd/Documents/Project/agent/inspekorat/tests/Browser/Admin/AuditLogTest.php:34</error>
        </testcase>
        <testcase name="testAuditLogAutomaticGeneration" file="/home/rynrd/Documents/Project/agent/inspekorat/tests/Browser/Admin/AuditLogTest.php" line="249" class="Tests\Browser\Admin\AuditLogTest" classname="Tests.Browser.Admin.AuditLogTest" assertions="0" time="0.000000">
          <error type="TypeError">Tests\Browser\Admin\AuditLogTest::testAuditLogAutomaticGeneration
TypeError: Illuminate\Database\Grammar::parameterize(): Argument #1 ($values) must be of type array, string given, called in /home/rynrd/Documents/Project/agent/inspekorat/vendor/laravel/framework/src/Illuminate/Database/Query/Grammars/Grammar.php on line 1181

/home/rynrd/Documents/Project/agent/inspekorat/vendor/laravel/framework/src/Illuminate/Database/Grammar.php:207
/home/rynrd/Documents/Project/agent/inspekorat/vendor/laravel/framework/src/Illuminate/Database/Query/Grammars/Grammar.php:1181
/home/rynrd/Documents/Project/agent/inspekorat/vendor/laravel/framework/src/Illuminate/Collections/Arr.php:749
/home/rynrd/Documents/Project/agent/inspekorat/vendor/laravel/framework/src/Illuminate/Collections/Collection.php:809
/home/rynrd/Documents/Project/agent/inspekorat/vendor/laravel/framework/src/Illuminate/Database/Query/Grammars/Grammar.php:1180
/home/rynrd/Documents/Project/agent/inspekorat/vendor/laravel/framework/src/Illuminate/Database/Query/Grammars/MySqlGrammar.php:323
/home/rynrd/Documents/Project/agent/inspekorat/vendor/laravel/framework/src/Illuminate/Database/Query/Grammars/Grammar.php:1211
/home/rynrd/Documents/Project/agent/inspekorat/vendor/laravel/framework/src/Illuminate/Database/Query/Builder.php:3792
/home/rynrd/Documents/Project/agent/inspekorat/vendor/laravel/framework/src/Illuminate/Database/Eloquent/Builder.php:2205
/home/rynrd/Documents/Project/agent/inspekorat/vendor/laravel/framework/src/Illuminate/Database/Eloquent/Model.php:1410
/home/rynrd/Documents/Project/agent/inspekorat/vendor/laravel/framework/src/Illuminate/Database/Eloquent/Model.php:1375
/home/rynrd/Documents/Project/agent/inspekorat/vendor/laravel/framework/src/Illuminate/Database/Eloquent/Model.php:1214
/home/rynrd/Documents/Project/agent/inspekorat/vendor/laravel/framework/src/Illuminate/Database/Eloquent/Builder.php:1189
/home/rynrd/Documents/Project/agent/inspekorat/vendor/laravel/framework/src/Illuminate/Support/helpers.php:399
/home/rynrd/Documents/Project/agent/inspekorat/vendor/laravel/framework/src/Illuminate/Database/Eloquent/Builder.php:1188
/home/rynrd/Documents/Project/agent/inspekorat/vendor/laravel/framework/src/Illuminate/Support/Traits/ForwardsCalls.php:23
/home/rynrd/Documents/Project/agent/inspekorat/vendor/laravel/framework/src/Illuminate/Database/Eloquent/Model.php:2496
/home/rynrd/Documents/Project/agent/inspekorat/vendor/laravel/framework/src/Illuminate/Database/Eloquent/Model.php:2512
/home/rynrd/Documents/Project/agent/inspekorat/tests/Browser/Admin/AuditLogTest.php:40
/home/rynrd/Documents/Project/agent/inspekorat/tests/Browser/Admin/AuditLogTest.php:34</error>
        </testcase>
        <testcase name="testAuditLogAccessControl" file="/home/rynrd/Documents/Project/agent/inspekorat/tests/Browser/Admin/AuditLogTest.php" line="277" class="Tests\Browser\Admin\AuditLogTest" classname="Tests.Browser.Admin.AuditLogTest" assertions="0" time="0.000000">
          <error type="TypeError">Tests\Browser\Admin\AuditLogTest::testAuditLogAccessControl
TypeError: Illuminate\Database\Grammar::parameterize(): Argument #1 ($values) must be of type array, string given, called in /home/rynrd/Documents/Project/agent/inspekorat/vendor/laravel/framework/src/Illuminate/Database/Query/Grammars/Grammar.php on line 1181

/home/rynrd/Documents/Project/agent/inspekorat/vendor/laravel/framework/src/Illuminate/Database/Grammar.php:207
/home/rynrd/Documents/Project/agent/inspekorat/vendor/laravel/framework/src/Illuminate/Database/Query/Grammars/Grammar.php:1181
/home/rynrd/Documents/Project/agent/inspekorat/vendor/laravel/framework/src/Illuminate/Collections/Arr.php:749
/home/rynrd/Documents/Project/agent/inspekorat/vendor/laravel/framework/src/Illuminate/Collections/Collection.php:809
/home/rynrd/Documents/Project/agent/inspekorat/vendor/laravel/framework/src/Illuminate/Database/Query/Grammars/Grammar.php:1180
/home/rynrd/Documents/Project/agent/inspekorat/vendor/laravel/framework/src/Illuminate/Database/Query/Grammars/MySqlGrammar.php:323
/home/rynrd/Documents/Project/agent/inspekorat/vendor/laravel/framework/src/Illuminate/Database/Query/Grammars/Grammar.php:1211
/home/rynrd/Documents/Project/agent/inspekorat/vendor/laravel/framework/src/Illuminate/Database/Query/Builder.php:3792
/home/rynrd/Documents/Project/agent/inspekorat/vendor/laravel/framework/src/Illuminate/Database/Eloquent/Builder.php:2205
/home/rynrd/Documents/Project/agent/inspekorat/vendor/laravel/framework/src/Illuminate/Database/Eloquent/Model.php:1410
/home/rynrd/Documents/Project/agent/inspekorat/vendor/laravel/framework/src/Illuminate/Database/Eloquent/Model.php:1375
/home/rynrd/Documents/Project/agent/inspekorat/vendor/laravel/framework/src/Illuminate/Database/Eloquent/Model.php:1214
/home/rynrd/Documents/Project/agent/inspekorat/vendor/laravel/framework/src/Illuminate/Database/Eloquent/Builder.php:1189
/home/rynrd/Documents/Project/agent/inspekorat/vendor/laravel/framework/src/Illuminate/Support/helpers.php:399
/home/rynrd/Documents/Project/agent/inspekorat/vendor/laravel/framework/src/Illuminate/Database/Eloquent/Builder.php:1188
/home/rynrd/Documents/Project/agent/inspekorat/vendor/laravel/framework/src/Illuminate/Support/Traits/ForwardsCalls.php:23
/home/rynrd/Documents/Project/agent/inspekorat/vendor/laravel/framework/src/Illuminate/Database/Eloquent/Model.php:2496
/home/rynrd/Documents/Project/agent/inspekorat/vendor/laravel/framework/src/Illuminate/Database/Eloquent/Model.php:2512
/home/rynrd/Documents/Project/agent/inspekorat/tests/Browser/Admin/AuditLogTest.php:40
/home/rynrd/Documents/Project/agent/inspekorat/tests/Browser/Admin/AuditLogTest.php:34</error>
        </testcase>
        <testcase name="testAuditLogBulkDelete" file="/home/rynrd/Documents/Project/agent/inspekorat/tests/Browser/Admin/AuditLogTest.php" line="298" class="Tests\Browser\Admin\AuditLogTest" classname="Tests.Browser.Admin.AuditLogTest" assertions="0" time="0.000000">
          <error type="TypeError">Tests\Browser\Admin\AuditLogTest::testAuditLogBulkDelete
TypeError: Illuminate\Database\Grammar::parameterize(): Argument #1 ($values) must be of type array, string given, called in /home/rynrd/Documents/Project/agent/inspekorat/vendor/laravel/framework/src/Illuminate/Database/Query/Grammars/Grammar.php on line 1181

/home/rynrd/Documents/Project/agent/inspekorat/vendor/laravel/framework/src/Illuminate/Database/Grammar.php:207
/home/rynrd/Documents/Project/agent/inspekorat/vendor/laravel/framework/src/Illuminate/Database/Query/Grammars/Grammar.php:1181
/home/rynrd/Documents/Project/agent/inspekorat/vendor/laravel/framework/src/Illuminate/Collections/Arr.php:749
/home/rynrd/Documents/Project/agent/inspekorat/vendor/laravel/framework/src/Illuminate/Collections/Collection.php:809
/home/rynrd/Documents/Project/agent/inspekorat/vendor/laravel/framework/src/Illuminate/Database/Query/Grammars/Grammar.php:1180
/home/rynrd/Documents/Project/agent/inspekorat/vendor/laravel/framework/src/Illuminate/Database/Query/Grammars/MySqlGrammar.php:323
/home/rynrd/Documents/Project/agent/inspekorat/vendor/laravel/framework/src/Illuminate/Database/Query/Grammars/Grammar.php:1211
/home/rynrd/Documents/Project/agent/inspekorat/vendor/laravel/framework/src/Illuminate/Database/Query/Builder.php:3792
/home/rynrd/Documents/Project/agent/inspekorat/vendor/laravel/framework/src/Illuminate/Database/Eloquent/Builder.php:2205
/home/rynrd/Documents/Project/agent/inspekorat/vendor/laravel/framework/src/Illuminate/Database/Eloquent/Model.php:1410
/home/rynrd/Documents/Project/agent/inspekorat/vendor/laravel/framework/src/Illuminate/Database/Eloquent/Model.php:1375
/home/rynrd/Documents/Project/agent/inspekorat/vendor/laravel/framework/src/Illuminate/Database/Eloquent/Model.php:1214
/home/rynrd/Documents/Project/agent/inspekorat/vendor/laravel/framework/src/Illuminate/Database/Eloquent/Builder.php:1189
/home/rynrd/Documents/Project/agent/inspekorat/vendor/laravel/framework/src/Illuminate/Support/helpers.php:399
/home/rynrd/Documents/Project/agent/inspekorat/vendor/laravel/framework/src/Illuminate/Database/Eloquent/Builder.php:1188
/home/rynrd/Documents/Project/agent/inspekorat/vendor/laravel/framework/src/Illuminate/Support/Traits/ForwardsCalls.php:23
/home/rynrd/Documents/Project/agent/inspekorat/vendor/laravel/framework/src/Illuminate/Database/Eloquent/Model.php:2496
/home/rynrd/Documents/Project/agent/inspekorat/vendor/laravel/framework/src/Illuminate/Database/Eloquent/Model.php:2512
/home/rynrd/Documents/Project/agent/inspekorat/tests/Browser/Admin/AuditLogTest.php:40
/home/rynrd/Documents/Project/agent/inspekorat/tests/Browser/Admin/AuditLogTest.php:34</error>
        </testcase>
        <testcase name="testAuditLogPerformanceMonitoring" file="/home/rynrd/Documents/Project/agent/inspekorat/tests/Browser/Admin/AuditLogTest.php" line="317" class="Tests\Browser\Admin\AuditLogTest" classname="Tests.Browser.Admin.AuditLogTest" assertions="0" time="0.000000">
          <error type="TypeError">Tests\Browser\Admin\AuditLogTest::testAuditLogPerformanceMonitoring
TypeError: Illuminate\Database\Grammar::parameterize(): Argument #1 ($values) must be of type array, string given, called in /home/rynrd/Documents/Project/agent/inspekorat/vendor/laravel/framework/src/Illuminate/Database/Query/Grammars/Grammar.php on line 1181

/home/rynrd/Documents/Project/agent/inspekorat/vendor/laravel/framework/src/Illuminate/Database/Grammar.php:207
/home/rynrd/Documents/Project/agent/inspekorat/vendor/laravel/framework/src/Illuminate/Database/Query/Grammars/Grammar.php:1181
/home/rynrd/Documents/Project/agent/inspekorat/vendor/laravel/framework/src/Illuminate/Collections/Arr.php:749
/home/rynrd/Documents/Project/agent/inspekorat/vendor/laravel/framework/src/Illuminate/Collections/Collection.php:809
/home/rynrd/Documents/Project/agent/inspekorat/vendor/laravel/framework/src/Illuminate/Database/Query/Grammars/Grammar.php:1180
/home/rynrd/Documents/Project/agent/inspekorat/vendor/laravel/framework/src/Illuminate/Database/Query/Grammars/MySqlGrammar.php:323
/home/rynrd/Documents/Project/agent/inspekorat/vendor/laravel/framework/src/Illuminate/Database/Query/Grammars/Grammar.php:1211
/home/rynrd/Documents/Project/agent/inspekorat/vendor/laravel/framework/src/Illuminate/Database/Query/Builder.php:3792
/home/rynrd/Documents/Project/agent/inspekorat/vendor/laravel/framework/src/Illuminate/Database/Eloquent/Builder.php:2205
/home/rynrd/Documents/Project/agent/inspekorat/vendor/laravel/framework/src/Illuminate/Database/Eloquent/Model.php:1410
/home/rynrd/Documents/Project/agent/inspekorat/vendor/laravel/framework/src/Illuminate/Database/Eloquent/Model.php:1375
/home/rynrd/Documents/Project/agent/inspekorat/vendor/laravel/framework/src/Illuminate/Database/Eloquent/Model.php:1214
/home/rynrd/Documents/Project/agent/inspekorat/vendor/laravel/framework/src/Illuminate/Database/Eloquent/Builder.php:1189
/home/rynrd/Documents/Project/agent/inspekorat/vendor/laravel/framework/src/Illuminate/Support/helpers.php:399
/home/rynrd/Documents/Project/agent/inspekorat/vendor/laravel/framework/src/Illuminate/Database/Eloquent/Builder.php:1188
/home/rynrd/Documents/Project/agent/inspekorat/vendor/laravel/framework/src/Illuminate/Support/Traits/ForwardsCalls.php:23
/home/rynrd/Documents/Project/agent/inspekorat/vendor/laravel/framework/src/Illuminate/Database/Eloquent/Model.php:2496
/home/rynrd/Documents/Project/agent/inspekorat/vendor/laravel/framework/src/Illuminate/Database/Eloquent/Model.php:2512
/home/rynrd/Documents/Project/agent/inspekorat/tests/Browser/Admin/AuditLogTest.php:40
/home/rynrd/Documents/Project/agent/inspekorat/tests/Browser/Admin/AuditLogTest.php:34</error>
        </testcase>
      </testsuite>
      <testsuite name="Tests\Browser\Admin\BeritaTest" file="/home/rynrd/Documents/Project/agent/inspekorat/tests/Browser/Admin/BeritaTest.php" tests="13" assertions="7" errors="6" failures="1" skipped="0" time="73.445768">
        <testcase name="testBeritaEditPage" file="/home/rynrd/Documents/Project/agent/inspekorat/tests/Browser/Admin/BeritaTest.php" line="190" class="Tests\Browser\Admin\BeritaTest" classname="Tests.Browser.Admin.BeritaTest" assertions="0" time="6.802838">
          <error type="Facebook\WebDriver\Exception\NoSuchElementException">Tests\Browser\Admin\BeritaTest::testBeritaEditPage
Facebook\WebDriver\Exception\NoSuchElementException: Unable to locate element with selector [a[href="http://127.0.0.1:8000/admin/portal-papua-tengah/berita-test-1/edit"]].

/home/rynrd/Documents/Project/agent/inspekorat/vendor/laravel/dusk/src/Concerns/InteractsWithMouse.php:70
/home/rynrd/Documents/Project/agent/inspekorat/tests/Browser/Admin/BeritaTest.php:197
/home/rynrd/Documents/Project/agent/inspekorat/vendor/laravel/dusk/src/Concerns/ProvidesBrowser.php:70
/home/rynrd/Documents/Project/agent/inspekorat/tests/Browser/Admin/BeritaTest.php:194</error>
        </testcase>
        <testcase name="testBeritaSlugAutoGeneration" file="/home/rynrd/Documents/Project/agent/inspekorat/tests/Browser/Admin/BeritaTest.php" line="313" class="Tests\Browser\Admin\BeritaTest" classname="Tests.Browser.Admin.BeritaTest" assertions="1" time="4.923275"/>
        <testcase name="testBeritaResponsiveDesign" file="/home/rynrd/Documents/Project/agent/inspekorat/tests/Browser/Admin/BeritaTest.php" line="397" class="Tests\Browser\Admin\BeritaTest" classname="Tests.Browser.Admin.BeritaTest" assertions="1" time="3.569844"/>
        <testcase name="testBeritaUpdate" file="/home/rynrd/Documents/Project/agent/inspekorat/tests/Browser/Admin/BeritaTest.php" line="211" class="Tests\Browser\Admin\BeritaTest" classname="Tests.Browser.Admin.BeritaTest" assertions="0" time="4.217264">
          <error type="Facebook\WebDriver\Exception\NoSuchElementException">Tests\Browser\Admin\BeritaTest::testBeritaUpdate
Facebook\WebDriver\Exception\NoSuchElementException: no such element: Unable to locate element: {"method":"css selector","selector":"body judul"}
  (Session info: chrome=138.0.7204.157)

/home/rynrd/Documents/Project/agent/inspekorat/vendor/php-webdriver/webdriver/lib/Exception/WebDriverException.php:120
/home/rynrd/Documents/Project/agent/inspekorat/vendor/php-webdriver/webdriver/lib/Remote/HttpCommandExecutor.php:359
/home/rynrd/Documents/Project/agent/inspekorat/vendor/php-webdriver/webdriver/lib/Remote/RemoteWebDriver.php:601
/home/rynrd/Documents/Project/agent/inspekorat/vendor/php-webdriver/webdriver/lib/Remote/RemoteWebDriver.php:217
/home/rynrd/Documents/Project/agent/inspekorat/vendor/laravel/dusk/src/ElementResolver.php:372
/home/rynrd/Documents/Project/agent/inspekorat/vendor/laravel/dusk/src/ElementResolver.php:351
/home/rynrd/Documents/Project/agent/inspekorat/vendor/laravel/dusk/src/ElementResolver.php:89
/home/rynrd/Documents/Project/agent/inspekorat/vendor/laravel/dusk/src/Concerns/InteractsWithElements.php:188
/home/rynrd/Documents/Project/agent/inspekorat/tests/Browser/Admin/BeritaTest.php:218
/home/rynrd/Documents/Project/agent/inspekorat/vendor/laravel/dusk/src/Concerns/ProvidesBrowser.php:70
/home/rynrd/Documents/Project/agent/inspekorat/tests/Browser/Admin/BeritaTest.php:215</error>
        </testcase>
        <testcase name="testBeritaShowPage" file="/home/rynrd/Documents/Project/agent/inspekorat/tests/Browser/Admin/BeritaTest.php" line="169" class="Tests\Browser\Admin\BeritaTest" classname="Tests.Browser.Admin.BeritaTest" assertions="0" time="4.060808">
          <error type="Facebook\WebDriver\Exception\NoSuchElementException">Tests\Browser\Admin\BeritaTest::testBeritaShowPage
Facebook\WebDriver\Exception\NoSuchElementException: Unable to locate element with selector [a[href="http://127.0.0.1:8000/admin/portal-papua-tengah/berita-test-1"]].

/home/rynrd/Documents/Project/agent/inspekorat/vendor/laravel/dusk/src/Concerns/InteractsWithMouse.php:70
/home/rynrd/Documents/Project/agent/inspekorat/tests/Browser/Admin/BeritaTest.php:176
/home/rynrd/Documents/Project/agent/inspekorat/vendor/laravel/dusk/src/Concerns/ProvidesBrowser.php:70
/home/rynrd/Documents/Project/agent/inspekorat/tests/Browser/Admin/BeritaTest.php:173</error>
        </testcase>
        <testcase name="testBeritaExport" file="/home/rynrd/Documents/Project/agent/inspekorat/tests/Browser/Admin/BeritaTest.php" line="438" class="Tests\Browser\Admin\BeritaTest" classname="Tests.Browser.Admin.BeritaTest" assertions="1" time="3.335090"/>
        <testcase name="testBeritaSeoOptimization" file="/home/rynrd/Documents/Project/agent/inspekorat/tests/Browser/Admin/BeritaTest.php" line="479" class="Tests\Browser\Admin\BeritaTest" classname="Tests.Browser.Admin.BeritaTest" assertions="0" time="6.732282"/>
        <testcase name="testBeritaSearch" file="/home/rynrd/Documents/Project/agent/inspekorat/tests/Browser/Admin/BeritaTest.php" line="96" class="Tests\Browser\Admin\BeritaTest" classname="Tests.Browser.Admin.BeritaTest" assertions="0" time="8.698193">
          <error type="Facebook\WebDriver\Exception\TimeoutException">Tests\Browser\Admin\BeritaTest::testBeritaSearch
Facebook\WebDriver\Exception\TimeoutException: Waited 5 seconds for text [Test 1].

/home/rynrd/Documents/Project/agent/inspekorat/vendor/php-webdriver/webdriver/lib/WebDriverWait.php:71
/home/rynrd/Documents/Project/agent/inspekorat/vendor/laravel/dusk/src/Concerns/WaitsForElements.php:398
/home/rynrd/Documents/Project/agent/inspekorat/vendor/laravel/dusk/src/Concerns/WaitsForElements.php:109
/home/rynrd/Documents/Project/agent/inspekorat/tests/Browser/Admin/BeritaTest.php:103
/home/rynrd/Documents/Project/agent/inspekorat/vendor/laravel/dusk/src/Concerns/ProvidesBrowser.php:70
/home/rynrd/Documents/Project/agent/inspekorat/tests/Browser/Admin/BeritaTest.php:98</error>
        </testcase>
        <testcase name="testBeritaScheduledPublishing" file="/home/rynrd/Documents/Project/agent/inspekorat/tests/Browser/Admin/BeritaTest.php" line="450" class="Tests\Browser\Admin\BeritaTest" classname="Tests.Browser.Admin.BeritaTest" assertions="2" time="7.755654"/>
        <testcase name="testBeritaRichTextEditor" file="/home/rynrd/Documents/Project/agent/inspekorat/tests/Browser/Admin/BeritaTest.php" line="327" class="Tests\Browser\Admin\BeritaTest" classname="Tests.Browser.Admin.BeritaTest" assertions="1" time="3.274302"/>
        <testcase name="testBeritaDelete" file="/home/rynrd/Documents/Project/agent/inspekorat/tests/Browser/Admin/BeritaTest.php" line="235" class="Tests\Browser\Admin\BeritaTest" classname="Tests.Browser.Admin.BeritaTest" assertions="0" time="3.229043">
          <error type="Facebook\WebDriver\Exception\NoSuchElementException">Tests\Browser\Admin\BeritaTest::testBeritaDelete
Facebook\WebDriver\Exception\NoSuchElementException: Unable to locate element with selector [form[action="http://127.0.0.1:8000/admin/portal-papua-tengah/berita-test-1"] button[type="submit"]].

/home/rynrd/Documents/Project/agent/inspekorat/vendor/laravel/dusk/src/Concerns/InteractsWithMouse.php:70
/home/rynrd/Documents/Project/agent/inspekorat/tests/Browser/Admin/BeritaTest.php:244
/home/rynrd/Documents/Project/agent/inspekorat/vendor/laravel/dusk/src/Concerns/ProvidesBrowser.php:70
/home/rynrd/Documents/Project/agent/inspekorat/tests/Browser/Admin/BeritaTest.php:241</error>
        </testcase>
        <testcase name="testBeritaStatusFilter" file="/home/rynrd/Documents/Project/agent/inspekorat/tests/Browser/Admin/BeritaTest.php" line="278" class="Tests\Browser\Admin\BeritaTest" classname="Tests.Browser.Admin.BeritaTest" assertions="0" time="13.429131">
          <error type="Facebook\WebDriver\Exception\ElementNotInteractableException">Tests\Browser\Admin\BeritaTest::testBeritaStatusFilter
Facebook\WebDriver\Exception\ElementNotInteractableException: element not interactable: Element is not currently visible and may not be manipulated
  (Session info: chrome=138.0.7204.157)

/home/rynrd/Documents/Project/agent/inspekorat/vendor/php-webdriver/webdriver/lib/Exception/WebDriverException.php:98
/home/rynrd/Documents/Project/agent/inspekorat/vendor/php-webdriver/webdriver/lib/Remote/HttpCommandExecutor.php:359
/home/rynrd/Documents/Project/agent/inspekorat/vendor/php-webdriver/webdriver/lib/Remote/RemoteWebDriver.php:601
/home/rynrd/Documents/Project/agent/inspekorat/vendor/php-webdriver/webdriver/lib/Remote/RemoteExecuteMethod.php:23
/home/rynrd/Documents/Project/agent/inspekorat/vendor/php-webdriver/webdriver/lib/Remote/RemoteWebElement.php:78
/home/rynrd/Documents/Project/agent/inspekorat/vendor/laravel/dusk/src/Concerns/InteractsWithElements.php:229
/home/rynrd/Documents/Project/agent/inspekorat/tests/Browser/Admin/BeritaTest.php:283
/home/rynrd/Documents/Project/agent/inspekorat/vendor/laravel/dusk/src/Concerns/ProvidesBrowser.php:70
/home/rynrd/Documents/Project/agent/inspekorat/tests/Browser/Admin/BeritaTest.php:280</error>
        </testcase>
        <testcase name="testBeritaThumbnailGeneration" file="/home/rynrd/Documents/Project/agent/inspekorat/tests/Browser/Admin/BeritaTest.php" line="355" class="Tests\Browser\Admin\BeritaTest" classname="Tests.Browser.Admin.BeritaTest" assertions="1" time="3.418043">
          <failure type="PHPUnit\Framework\ExpectationFailedException">Tests\Browser\Admin\BeritaTest::testBeritaThumbnailGeneration
Element [body input[name="thumbnail"]] is not present.
Failed asserting that false is true.

/home/rynrd/Documents/Project/agent/inspekorat/vendor/laravel/dusk/src/Concerns/MakesAssertions.php:919
/home/rynrd/Documents/Project/agent/inspekorat/tests/Browser/Admin/BeritaTest.php:362
/home/rynrd/Documents/Project/agent/inspekorat/vendor/laravel/dusk/src/Concerns/ProvidesBrowser.php:70
/home/rynrd/Documents/Project/agent/inspekorat/tests/Browser/Admin/BeritaTest.php:359</failure>
        </testcase>
      </testsuite>
    </testsuite>
  </testsuite>
</testsuites>
