<?xml version="1.0" encoding="UTF-8"?>
<testsuites>
  <testsuite name="/home/rynrd/Documents/Project/agent/inspekorat/phpunit.dusk.xml" tests="7" assertions="3" errors="3" failures="1" skipped="0" time="38.458225">
    <testsuite name="Browser Test Suite" tests="7" assertions="3" errors="3" failures="1" skipped="0" time="38.458225">
      <testsuite name="Tests\Browser\Admin\AuditLogTest" file="/home/rynrd/Documents/Project/agent/inspekorat/tests/Browser/Admin/AuditLogTest.php" tests="7" assertions="3" errors="3" failures="1" skipped="0" time="38.458225">
        <testcase name="testAuditLogExport" file="/home/rynrd/Documents/Project/agent/inspekorat/tests/Browser/Admin/AuditLogTest.php" line="202" class="Tests\Browser\Admin\AuditLogTest" classname="Tests.Browser.Admin.AuditLogTest" assertions="0" time="9.190150">
          <error type="InvalidArgumentException">Tests\Browser\Admin\AuditLogTest::testAuditLogExport
InvalidArgumentException: Unable to locate button [Export Log].

/home/rynrd/Documents/Project/agent/inspekorat/vendor/laravel/dusk/src/ElementResolver.php:248
/home/rynrd/Documents/Project/agent/inspekorat/vendor/laravel/dusk/src/Concerns/InteractsWithElements.php:315
/home/rynrd/Documents/Project/agent/inspekorat/tests/Browser/Admin/AuditLogTest.php:207
/home/rynrd/Documents/Project/agent/inspekorat/vendor/laravel/dusk/src/Concerns/ProvidesBrowser.php:70
/home/rynrd/Documents/Project/agent/inspekorat/tests/Browser/Admin/AuditLogTest.php:204</error>
        </testcase>
        <testcase name="testAuditLogSearch" file="/home/rynrd/Documents/Project/agent/inspekorat/tests/Browser/Admin/AuditLogTest.php" line="233" class="Tests\Browser\Admin\AuditLogTest" classname="Tests.Browser.Admin.AuditLogTest" assertions="0" time="4.183769">
          <error type="InvalidArgumentException">Tests\Browser\Admin\AuditLogTest::testAuditLogSearch
InvalidArgumentException: Unable to locate button [Cari].

/home/rynrd/Documents/Project/agent/inspekorat/vendor/laravel/dusk/src/ElementResolver.php:248
/home/rynrd/Documents/Project/agent/inspekorat/vendor/laravel/dusk/src/Concerns/InteractsWithElements.php:315
/home/rynrd/Documents/Project/agent/inspekorat/tests/Browser/Admin/AuditLogTest.php:239
/home/rynrd/Documents/Project/agent/inspekorat/vendor/laravel/dusk/src/Concerns/ProvidesBrowser.php:70
/home/rynrd/Documents/Project/agent/inspekorat/tests/Browser/Admin/AuditLogTest.php:235</error>
        </testcase>
        <testcase name="testAuditLogUserFilter" file="/home/rynrd/Documents/Project/agent/inspekorat/tests/Browser/Admin/AuditLogTest.php" line="120" class="Tests\Browser\Admin\AuditLogTest" classname="Tests.Browser.Admin.AuditLogTest" assertions="1" time="5.519239"/>
        <testcase name="testAuditLogDateFilter" file="/home/rynrd/Documents/Project/agent/inspekorat/tests/Browser/Admin/AuditLogTest.php" line="168" class="Tests\Browser\Admin\AuditLogTest" classname="Tests.Browser.Admin.AuditLogTest" assertions="0" time="5.703113"/>
        <testcase name="testAuditLogModelFilter" file="/home/rynrd/Documents/Project/agent/inspekorat/tests/Browser/Admin/AuditLogTest.php" line="152" class="Tests\Browser\Admin\AuditLogTest" classname="Tests.Browser.Admin.AuditLogTest" assertions="1" time="5.526824"/>
        <testcase name="testAuditLogBulkDelete" file="/home/rynrd/Documents/Project/agent/inspekorat/tests/Browser/Admin/AuditLogTest.php" line="298" class="Tests\Browser\Admin\AuditLogTest" classname="Tests.Browser.Admin.AuditLogTest" assertions="0" time="4.236027">
          <error type="Facebook\WebDriver\Exception\NoSuchElementException">Tests\Browser\Admin\AuditLogTest::testAuditLogBulkDelete
Facebook\WebDriver\Exception\NoSuchElementException: no such element: Unable to locate element: {"method":"css selector","selector":"body select_all"}
  (Session info: chrome=138.0.7204.157)

/home/rynrd/Documents/Project/agent/inspekorat/vendor/php-webdriver/webdriver/lib/Exception/WebDriverException.php:120
/home/rynrd/Documents/Project/agent/inspekorat/vendor/php-webdriver/webdriver/lib/Remote/HttpCommandExecutor.php:359
/home/rynrd/Documents/Project/agent/inspekorat/vendor/php-webdriver/webdriver/lib/Remote/RemoteWebDriver.php:601
/home/rynrd/Documents/Project/agent/inspekorat/vendor/php-webdriver/webdriver/lib/Remote/RemoteWebDriver.php:217
/home/rynrd/Documents/Project/agent/inspekorat/vendor/laravel/dusk/src/ElementResolver.php:372
/home/rynrd/Documents/Project/agent/inspekorat/vendor/laravel/dusk/src/ElementResolver.php:351
/home/rynrd/Documents/Project/agent/inspekorat/vendor/laravel/dusk/src/ElementResolver.php:188
/home/rynrd/Documents/Project/agent/inspekorat/vendor/laravel/dusk/src/Concerns/InteractsWithElements.php:264
/home/rynrd/Documents/Project/agent/inspekorat/tests/Browser/Admin/AuditLogTest.php:303
/home/rynrd/Documents/Project/agent/inspekorat/vendor/laravel/dusk/src/Concerns/ProvidesBrowser.php:70
/home/rynrd/Documents/Project/agent/inspekorat/tests/Browser/Admin/AuditLogTest.php:300</error>
        </testcase>
        <testcase name="testAuditLogPerformanceMonitoring" file="/home/rynrd/Documents/Project/agent/inspekorat/tests/Browser/Admin/AuditLogTest.php" line="317" class="Tests\Browser\Admin\AuditLogTest" classname="Tests.Browser.Admin.AuditLogTest" assertions="1" time="4.099104">
          <failure type="PHPUnit\Framework\ExpectationFailedException">Tests\Browser\Admin\AuditLogTest::testAuditLogPerformanceMonitoring
Did not see expected text [Log Audit] within element [body].
Failed asserting that false is true.

/home/rynrd/Documents/Project/agent/inspekorat/vendor/laravel/dusk/src/Concerns/MakesAssertions.php:182
/home/rynrd/Documents/Project/agent/inspekorat/vendor/laravel/dusk/src/Concerns/MakesAssertions.php:153
/home/rynrd/Documents/Project/agent/inspekorat/tests/Browser/Admin/AuditLogTest.php:322
/home/rynrd/Documents/Project/agent/inspekorat/vendor/laravel/dusk/src/Concerns/ProvidesBrowser.php:70
/home/rynrd/Documents/Project/agent/inspekorat/tests/Browser/Admin/AuditLogTest.php:319</failure>
        </testcase>
      </testsuite>
    </testsuite>
  </testsuite>
</testsuites>
