<?xml version="1.0" encoding="UTF-8"?>
<testsuites>
  <testsuite name="/home/rynrd/Documents/Project/agent/inspekorat/phpunit.dusk.xml" tests="23" assertions="6" errors="22" failures="1" skipped="0" time="119.405590">
    <testsuite name="Browser Test Suite" tests="23" assertions="6" errors="22" failures="1" skipped="0" time="119.405590">
      <testsuite name="Tests\Browser\Admin\BeritaTest" file="/home/rynrd/Documents/Project/agent/inspekorat/tests/Browser/Admin/BeritaTest.php" tests="23" assertions="6" errors="22" failures="1" skipped="0" time="119.405590">
        <testcase name="testBeritaSeoOptimization" file="/home/rynrd/Documents/Project/agent/inspekorat/tests/Browser/Admin/BeritaTest.php" line="515" class="Tests\Browser\Admin\BeritaTest" classname="Tests.Browser.Admin.BeritaTest" assertions="0" time="7.266655">
          <error type="Facebook\WebDriver\Exception\NoSuchElementException">Tests\Browser\Admin\BeritaTest::testBeritaSeoOptimization
Facebook\WebDriver\Exception\NoSuchElementException: no such element: Unable to locate element: {"method":"css selector","selector":"body meta_keywords"}
  (Session info: chrome=138.0.7204.157)

/home/rynrd/Documents/Project/agent/inspekorat/vendor/php-webdriver/webdriver/lib/Exception/WebDriverException.php:120
/home/rynrd/Documents/Project/agent/inspekorat/vendor/php-webdriver/webdriver/lib/Remote/HttpCommandExecutor.php:359
/home/rynrd/Documents/Project/agent/inspekorat/vendor/php-webdriver/webdriver/lib/Remote/RemoteWebDriver.php:601
/home/rynrd/Documents/Project/agent/inspekorat/vendor/php-webdriver/webdriver/lib/Remote/RemoteWebDriver.php:217
/home/rynrd/Documents/Project/agent/inspekorat/vendor/laravel/dusk/src/ElementResolver.php:372
/home/rynrd/Documents/Project/agent/inspekorat/vendor/laravel/dusk/src/ElementResolver.php:351
/home/rynrd/Documents/Project/agent/inspekorat/vendor/laravel/dusk/src/ElementResolver.php:89
/home/rynrd/Documents/Project/agent/inspekorat/vendor/laravel/dusk/src/Concerns/InteractsWithElements.php:125
/home/rynrd/Documents/Project/agent/inspekorat/tests/Browser/Admin/BeritaTest.php:522
/home/rynrd/Documents/Project/agent/inspekorat/vendor/laravel/dusk/src/Concerns/ProvidesBrowser.php:70
/home/rynrd/Documents/Project/agent/inspekorat/tests/Browser/Admin/BeritaTest.php:517</error>
        </testcase>
        <testcase name="testBeritaFeaturedToggle" file="/home/rynrd/Documents/Project/agent/inspekorat/tests/Browser/Admin/BeritaTest.php" line="315" class="Tests\Browser\Admin\BeritaTest" classname="Tests.Browser.Admin.BeritaTest" assertions="0" time="2.915680">
          <error type="Facebook\WebDriver\Exception\NoSuchElementException">Tests\Browser\Admin\BeritaTest::testBeritaFeaturedToggle
Facebook\WebDriver\Exception\NoSuchElementException: Unable to locate element with selector [input[name="is_featured"][data-id="1"]].

/home/rynrd/Documents/Project/agent/inspekorat/vendor/laravel/dusk/src/Concerns/InteractsWithMouse.php:70
/home/rynrd/Documents/Project/agent/inspekorat/tests/Browser/Admin/BeritaTest.php:322
/home/rynrd/Documents/Project/agent/inspekorat/vendor/laravel/dusk/src/Concerns/ProvidesBrowser.php:70
/home/rynrd/Documents/Project/agent/inspekorat/tests/Browser/Admin/BeritaTest.php:319</error>
        </testcase>
        <testcase name="testBeritaSlugAutoGeneration" file="/home/rynrd/Documents/Project/agent/inspekorat/tests/Browser/Admin/BeritaTest.php" line="331" class="Tests\Browser\Admin\BeritaTest" classname="Tests.Browser.Admin.BeritaTest" assertions="1" time="4.052022">
          <error type="Illuminate\Database\QueryException">Tests\Browser\Admin\BeritaTest::testBeritaSlugAutoGeneration
Illuminate\Database\QueryException: SQLSTATE[01000]: Warning: 1265 Data truncated for column 'role' at row 1 (Connection: mysql, SQL: alter table `users` modify `role` enum('admin', 'super_admin') not null default 'admin')

/home/rynrd/Documents/Project/agent/inspekorat/vendor/laravel/framework/src/Illuminate/Database/Connection.php:822
/home/rynrd/Documents/Project/agent/inspekorat/vendor/laravel/framework/src/Illuminate/Database/Connection.php:776
/home/rynrd/Documents/Project/agent/inspekorat/vendor/laravel/framework/src/Illuminate/Database/Connection.php:557
/home/rynrd/Documents/Project/agent/inspekorat/vendor/laravel/framework/src/Illuminate/Database/Schema/Blueprint.php:119
/home/rynrd/Documents/Project/agent/inspekorat/vendor/laravel/framework/src/Illuminate/Database/Schema/Builder.php:618
/home/rynrd/Documents/Project/agent/inspekorat/vendor/laravel/framework/src/Illuminate/Database/Schema/Builder.php:460
/home/rynrd/Documents/Project/agent/inspekorat/vendor/laravel/framework/src/Illuminate/Support/Facades/Facade.php:361
/home/rynrd/Documents/Project/agent/inspekorat/database/migrations/2025_07_07_152631_update_users_table_role_column.php:47
/home/rynrd/Documents/Project/agent/inspekorat/vendor/laravel/framework/src/Illuminate/Database/Migrations/Migrator.php:514
/home/rynrd/Documents/Project/agent/inspekorat/vendor/laravel/framework/src/Illuminate/Database/Migrations/Migrator.php:439
/home/rynrd/Documents/Project/agent/inspekorat/vendor/laravel/framework/src/Illuminate/Database/Migrations/Migrator.php:448
/home/rynrd/Documents/Project/agent/inspekorat/vendor/laravel/framework/src/Illuminate/Database/Migrations/Migrator.php:414
/home/rynrd/Documents/Project/agent/inspekorat/vendor/laravel/framework/src/Illuminate/Console/View/Components/Task.php:41
/home/rynrd/Documents/Project/agent/inspekorat/vendor/laravel/framework/src/Illuminate/Database/Migrations/Migrator.php:805
/home/rynrd/Documents/Project/agent/inspekorat/vendor/laravel/framework/src/Illuminate/Database/Migrations/Migrator.php:414
/home/rynrd/Documents/Project/agent/inspekorat/vendor/laravel/framework/src/Illuminate/Database/Migrations/Migrator.php:337
/home/rynrd/Documents/Project/agent/inspekorat/vendor/laravel/framework/src/Illuminate/Database/Migrations/Migrator.php:281
/home/rynrd/Documents/Project/agent/inspekorat/vendor/laravel/framework/src/Illuminate/Database/Console/Migrations/RollbackCommand.php:63
/home/rynrd/Documents/Project/agent/inspekorat/vendor/laravel/framework/src/Illuminate/Database/Migrations/Migrator.php:665
/home/rynrd/Documents/Project/agent/inspekorat/vendor/laravel/framework/src/Illuminate/Database/Console/Migrations/RollbackCommand.php:62
/home/rynrd/Documents/Project/agent/inspekorat/vendor/laravel/framework/src/Illuminate/Container/BoundMethod.php:36
/home/rynrd/Documents/Project/agent/inspekorat/vendor/laravel/framework/src/Illuminate/Container/Util.php:43
/home/rynrd/Documents/Project/agent/inspekorat/vendor/laravel/framework/src/Illuminate/Container/BoundMethod.php:96
/home/rynrd/Documents/Project/agent/inspekorat/vendor/laravel/framework/src/Illuminate/Container/BoundMethod.php:35
/home/rynrd/Documents/Project/agent/inspekorat/vendor/laravel/framework/src/Illuminate/Container/Container.php:754
/home/rynrd/Documents/Project/agent/inspekorat/vendor/laravel/framework/src/Illuminate/Console/Command.php:209
/home/rynrd/Documents/Project/agent/inspekorat/vendor/symfony/console/Command/Command.php:318
/home/rynrd/Documents/Project/agent/inspekorat/vendor/laravel/framework/src/Illuminate/Console/Command.php:178
/home/rynrd/Documents/Project/agent/inspekorat/vendor/symfony/console/Application.php:1092
/home/rynrd/Documents/Project/agent/inspekorat/vendor/symfony/console/Application.php:341
/home/rynrd/Documents/Project/agent/inspekorat/vendor/symfony/console/Application.php:192
/home/rynrd/Documents/Project/agent/inspekorat/vendor/laravel/framework/src/Illuminate/Console/Application.php:165
/home/rynrd/Documents/Project/agent/inspekorat/vendor/laravel/framework/src/Illuminate/Foundation/Console/Kernel.php:426
/home/rynrd/Documents/Project/agent/inspekorat/vendor/laravel/framework/src/Illuminate/Testing/PendingCommand.php:330
/home/rynrd/Documents/Project/agent/inspekorat/vendor/laravel/framework/src/Illuminate/Testing/PendingCommand.php:533
/home/rynrd/Documents/Project/agent/inspekorat/vendor/laravel/framework/src/Illuminate/Foundation/Testing/Concerns/InteractsWithConsole.php:87
/home/rynrd/Documents/Project/agent/inspekorat/vendor/laravel/framework/src/Illuminate/Foundation/Testing/DatabaseMigrations.php:24
/home/rynrd/Documents/Project/agent/inspekorat/vendor/laravel/framework/src/Illuminate/Foundation/Testing/Concerns/InteractsWithTestCaseLifecycle.php:295
/home/rynrd/Documents/Project/agent/inspekorat/vendor/laravel/framework/src/Illuminate/Foundation/Testing/Concerns/InteractsWithTestCaseLifecycle.php:117
/home/rynrd/Documents/Project/agent/inspekorat/vendor/laravel/framework/src/Illuminate/Foundation/Testing/TestCase.php:66</error>
        </testcase>
        <testcase name="testBeritaExport" file="/home/rynrd/Documents/Project/agent/inspekorat/tests/Browser/Admin/BeritaTest.php" line="479" class="Tests\Browser\Admin\BeritaTest" classname="Tests.Browser.Admin.BeritaTest" assertions="0" time="2.952684">
          <error type="Facebook\WebDriver\Exception\NoSuchElementException">Tests\Browser\Admin\BeritaTest::testBeritaExport
Facebook\WebDriver\Exception\NoSuchElementException: Unable to locate element with selector [a[href="/admin/portal-papua-tengah/export"]].

/home/rynrd/Documents/Project/agent/inspekorat/vendor/laravel/dusk/src/Concerns/InteractsWithMouse.php:70
/home/rynrd/Documents/Project/agent/inspekorat/tests/Browser/Admin/BeritaTest.php:484
/home/rynrd/Documents/Project/agent/inspekorat/vendor/laravel/dusk/src/Concerns/ProvidesBrowser.php:70
/home/rynrd/Documents/Project/agent/inspekorat/tests/Browser/Admin/BeritaTest.php:481</error>
        </testcase>
        <testcase name="testBeritaDuplicate" file="/home/rynrd/Documents/Project/agent/inspekorat/tests/Browser/Admin/BeritaTest.php" line="391" class="Tests\Browser\Admin\BeritaTest" classname="Tests.Browser.Admin.BeritaTest" assertions="0" time="3.095511">
          <error type="Facebook\WebDriver\Exception\NoSuchElementException">Tests\Browser\Admin\BeritaTest::testBeritaDuplicate
Facebook\WebDriver\Exception\NoSuchElementException: Unable to locate element with selector [button[onclick="duplicateBerita(1)"]].

/home/rynrd/Documents/Project/agent/inspekorat/vendor/laravel/dusk/src/Concerns/InteractsWithMouse.php:70
/home/rynrd/Documents/Project/agent/inspekorat/tests/Browser/Admin/BeritaTest.php:398
/home/rynrd/Documents/Project/agent/inspekorat/vendor/laravel/dusk/src/Concerns/ProvidesBrowser.php:70
/home/rynrd/Documents/Project/agent/inspekorat/tests/Browser/Admin/BeritaTest.php:395</error>
        </testcase>
        <testcase name="testBeritaShowPage" file="/home/rynrd/Documents/Project/agent/inspekorat/tests/Browser/Admin/BeritaTest.php" line="186" class="Tests\Browser\Admin\BeritaTest" classname="Tests.Browser.Admin.BeritaTest" assertions="0" time="3.122539">
          <error type="Facebook\WebDriver\Exception\NoSuchElementException">Tests\Browser\Admin\BeritaTest::testBeritaShowPage
Facebook\WebDriver\Exception\NoSuchElementException: Unable to locate element with selector [a[href="/admin/portal-papua-tengah/1"]].

/home/rynrd/Documents/Project/agent/inspekorat/vendor/laravel/dusk/src/Concerns/InteractsWithMouse.php:70
/home/rynrd/Documents/Project/agent/inspekorat/tests/Browser/Admin/BeritaTest.php:193
/home/rynrd/Documents/Project/agent/inspekorat/vendor/laravel/dusk/src/Concerns/ProvidesBrowser.php:70
/home/rynrd/Documents/Project/agent/inspekorat/tests/Browser/Admin/BeritaTest.php:190</error>
        </testcase>
        <testcase name="testBeritaEditPage" file="/home/rynrd/Documents/Project/agent/inspekorat/tests/Browser/Admin/BeritaTest.php" line="208" class="Tests\Browser\Admin\BeritaTest" classname="Tests.Browser.Admin.BeritaTest" assertions="0" time="2.923960">
          <error type="Facebook\WebDriver\Exception\NoSuchElementException">Tests\Browser\Admin\BeritaTest::testBeritaEditPage
Facebook\WebDriver\Exception\NoSuchElementException: Unable to locate element with selector [a[href="/admin/portal-papua-tengah/1/edit"]].

/home/rynrd/Documents/Project/agent/inspekorat/vendor/laravel/dusk/src/Concerns/InteractsWithMouse.php:70
/home/rynrd/Documents/Project/agent/inspekorat/tests/Browser/Admin/BeritaTest.php:215
/home/rynrd/Documents/Project/agent/inspekorat/vendor/laravel/dusk/src/Concerns/ProvidesBrowser.php:70
/home/rynrd/Documents/Project/agent/inspekorat/tests/Browser/Admin/BeritaTest.php:212</error>
        </testcase>
        <testcase name="testBeritaDelete" file="/home/rynrd/Documents/Project/agent/inspekorat/tests/Browser/Admin/BeritaTest.php" line="253" class="Tests\Browser\Admin\BeritaTest" classname="Tests.Browser.Admin.BeritaTest" assertions="0" time="2.804141">
          <error type="Facebook\WebDriver\Exception\NoSuchElementException">Tests\Browser\Admin\BeritaTest::testBeritaDelete
Facebook\WebDriver\Exception\NoSuchElementException: Unable to locate element with selector [button[onclick="if(confirm('Yakin ingin menghapus berita ini?')) { document.getElementById('delete-form-1').submit(); }"]].

/home/rynrd/Documents/Project/agent/inspekorat/vendor/laravel/dusk/src/Concerns/InteractsWithMouse.php:70
/home/rynrd/Documents/Project/agent/inspekorat/tests/Browser/Admin/BeritaTest.php:261
/home/rynrd/Documents/Project/agent/inspekorat/vendor/laravel/dusk/src/Concerns/ProvidesBrowser.php:70
/home/rynrd/Documents/Project/agent/inspekorat/tests/Browser/Admin/BeritaTest.php:258</error>
        </testcase>
        <testcase name="testBeritaThumbnailGeneration" file="/home/rynrd/Documents/Project/agent/inspekorat/tests/Browser/Admin/BeritaTest.php" line="376" class="Tests\Browser\Admin\BeritaTest" classname="Tests.Browser.Admin.BeritaTest" assertions="0" time="3.426632">
          <error type="Facebook\WebDriver\Exception\NoSuchElementException">Tests\Browser\Admin\BeritaTest::testBeritaThumbnailGeneration
Facebook\WebDriver\Exception\NoSuchElementException: no such element: Unable to locate element: {"method":"css selector","selector":"body gambar"}
  (Session info: chrome=138.0.7204.157)

/home/rynrd/Documents/Project/agent/inspekorat/vendor/php-webdriver/webdriver/lib/Exception/WebDriverException.php:120
/home/rynrd/Documents/Project/agent/inspekorat/vendor/php-webdriver/webdriver/lib/Remote/HttpCommandExecutor.php:359
/home/rynrd/Documents/Project/agent/inspekorat/vendor/php-webdriver/webdriver/lib/Remote/RemoteWebDriver.php:601
/home/rynrd/Documents/Project/agent/inspekorat/vendor/php-webdriver/webdriver/lib/Remote/RemoteWebDriver.php:217
/home/rynrd/Documents/Project/agent/inspekorat/vendor/laravel/dusk/src/ElementResolver.php:372
/home/rynrd/Documents/Project/agent/inspekorat/vendor/laravel/dusk/src/ElementResolver.php:351
/home/rynrd/Documents/Project/agent/inspekorat/vendor/laravel/dusk/src/ElementResolver.php:207
/home/rynrd/Documents/Project/agent/inspekorat/vendor/laravel/dusk/src/Concerns/InteractsWithElements.php:300
/home/rynrd/Documents/Project/agent/inspekorat/tests/Browser/Admin/BeritaTest.php:381
/home/rynrd/Documents/Project/agent/inspekorat/vendor/laravel/dusk/src/Concerns/ProvidesBrowser.php:70
/home/rynrd/Documents/Project/agent/inspekorat/tests/Browser/Admin/BeritaTest.php:378</error>
        </testcase>
        <testcase name="testBeritaImageUpload" file="/home/rynrd/Documents/Project/agent/inspekorat/tests/Browser/Admin/BeritaTest.php" line="361" class="Tests\Browser\Admin\BeritaTest" classname="Tests.Browser.Admin.BeritaTest" assertions="0" time="2.912326">
          <error type="Facebook\WebDriver\Exception\NoSuchElementException">Tests\Browser\Admin\BeritaTest::testBeritaImageUpload
Facebook\WebDriver\Exception\NoSuchElementException: no such element: Unable to locate element: {"method":"css selector","selector":"body gambar"}
  (Session info: chrome=138.0.7204.157)

/home/rynrd/Documents/Project/agent/inspekorat/vendor/php-webdriver/webdriver/lib/Exception/WebDriverException.php:120
/home/rynrd/Documents/Project/agent/inspekorat/vendor/php-webdriver/webdriver/lib/Remote/HttpCommandExecutor.php:359
/home/rynrd/Documents/Project/agent/inspekorat/vendor/php-webdriver/webdriver/lib/Remote/RemoteWebDriver.php:601
/home/rynrd/Documents/Project/agent/inspekorat/vendor/php-webdriver/webdriver/lib/Remote/RemoteWebDriver.php:217
/home/rynrd/Documents/Project/agent/inspekorat/vendor/laravel/dusk/src/ElementResolver.php:372
/home/rynrd/Documents/Project/agent/inspekorat/vendor/laravel/dusk/src/ElementResolver.php:351
/home/rynrd/Documents/Project/agent/inspekorat/vendor/laravel/dusk/src/ElementResolver.php:207
/home/rynrd/Documents/Project/agent/inspekorat/vendor/laravel/dusk/src/Concerns/InteractsWithElements.php:300
/home/rynrd/Documents/Project/agent/inspekorat/tests/Browser/Admin/BeritaTest.php:366
/home/rynrd/Documents/Project/agent/inspekorat/vendor/laravel/dusk/src/Concerns/ProvidesBrowser.php:70
/home/rynrd/Documents/Project/agent/inspekorat/tests/Browser/Admin/BeritaTest.php:363</error>
        </testcase>
        <testcase name="testBeritaAdvancedSearch" file="/home/rynrd/Documents/Project/agent/inspekorat/tests/Browser/Admin/BeritaTest.php" line="535" class="Tests\Browser\Admin\BeritaTest" classname="Tests.Browser.Admin.BeritaTest" assertions="0" time="3.065314">
          <error type="Facebook\WebDriver\Exception\JavascriptErrorException">Tests\Browser\Admin\BeritaTest::testBeritaAdvancedSearch
Facebook\WebDriver\Exception\JavascriptErrorException: javascript error: Cannot read properties of undefined (reading 'click')
  (Session info: chrome=138.0.7204.157)

/home/rynrd/Documents/Project/agent/inspekorat/vendor/php-webdriver/webdriver/lib/Exception/WebDriverException.php:112
/home/rynrd/Documents/Project/agent/inspekorat/vendor/php-webdriver/webdriver/lib/Remote/HttpCommandExecutor.php:359
/home/rynrd/Documents/Project/agent/inspekorat/vendor/php-webdriver/webdriver/lib/Remote/RemoteWebDriver.php:601
/home/rynrd/Documents/Project/agent/inspekorat/vendor/php-webdriver/webdriver/lib/Remote/RemoteWebDriver.php:345
/home/rynrd/Documents/Project/agent/inspekorat/vendor/laravel/dusk/src/Concerns/InteractsWithElements.php:52
/home/rynrd/Documents/Project/agent/inspekorat/tests/Browser/Admin/BeritaTest.php:540
/home/rynrd/Documents/Project/agent/inspekorat/vendor/laravel/dusk/src/Concerns/ProvidesBrowser.php:70
/home/rynrd/Documents/Project/agent/inspekorat/tests/Browser/Admin/BeritaTest.php:537</error>
        </testcase>
        <testcase name="testBeritaPreview" file="/home/rynrd/Documents/Project/agent/inspekorat/tests/Browser/Admin/BeritaTest.php" line="444" class="Tests\Browser\Admin\BeritaTest" classname="Tests.Browser.Admin.BeritaTest" assertions="0" time="2.841998">
          <error type="Facebook\WebDriver\Exception\NoSuchElementException">Tests\Browser\Admin\BeritaTest::testBeritaPreview
Facebook\WebDriver\Exception\NoSuchElementException: Unable to locate element with selector [button[onclick="previewBerita()"]].

/home/rynrd/Documents/Project/agent/inspekorat/vendor/laravel/dusk/src/Concerns/InteractsWithMouse.php:70
/home/rynrd/Documents/Project/agent/inspekorat/tests/Browser/Admin/BeritaTest.php:451
/home/rynrd/Documents/Project/agent/inspekorat/vendor/laravel/dusk/src/Concerns/ProvidesBrowser.php:70
/home/rynrd/Documents/Project/agent/inspekorat/tests/Browser/Admin/BeritaTest.php:448</error>
        </testcase>
        <testcase name="testBeritaStatusFilter" file="/home/rynrd/Documents/Project/agent/inspekorat/tests/Browser/Admin/BeritaTest.php" line="295" class="Tests\Browser\Admin\BeritaTest" classname="Tests.Browser.Admin.BeritaTest" assertions="0" time="14.740551">
          <error type="Facebook\WebDriver\Exception\ElementNotInteractableException">Tests\Browser\Admin\BeritaTest::testBeritaStatusFilter
Facebook\WebDriver\Exception\ElementNotInteractableException: element not interactable: Element is not currently visible and may not be manipulated
  (Session info: chrome=138.0.7204.157)

/home/rynrd/Documents/Project/agent/inspekorat/vendor/php-webdriver/webdriver/lib/Exception/WebDriverException.php:98
/home/rynrd/Documents/Project/agent/inspekorat/vendor/php-webdriver/webdriver/lib/Remote/HttpCommandExecutor.php:359
/home/rynrd/Documents/Project/agent/inspekorat/vendor/php-webdriver/webdriver/lib/Remote/RemoteWebDriver.php:601
/home/rynrd/Documents/Project/agent/inspekorat/vendor/php-webdriver/webdriver/lib/Remote/RemoteExecuteMethod.php:23
/home/rynrd/Documents/Project/agent/inspekorat/vendor/php-webdriver/webdriver/lib/Remote/RemoteWebElement.php:78
/home/rynrd/Documents/Project/agent/inspekorat/vendor/laravel/dusk/src/Concerns/InteractsWithElements.php:229
/home/rynrd/Documents/Project/agent/inspekorat/tests/Browser/Admin/BeritaTest.php:300
/home/rynrd/Documents/Project/agent/inspekorat/vendor/laravel/dusk/src/Concerns/ProvidesBrowser.php:70
/home/rynrd/Documents/Project/agent/inspekorat/tests/Browser/Admin/BeritaTest.php:297</error>
        </testcase>
        <testcase name="testBeritaContentApprovalWorkflow" file="/home/rynrd/Documents/Project/agent/inspekorat/tests/Browser/Admin/BeritaTest.php" line="558" class="Tests\Browser\Admin\BeritaTest" classname="Tests.Browser.Admin.BeritaTest" assertions="0" time="3.040496">
          <error type="Facebook\WebDriver\Exception\ElementNotInteractableException">Tests\Browser\Admin\BeritaTest::testBeritaContentApprovalWorkflow
Facebook\WebDriver\Exception\ElementNotInteractableException: element not interactable
  (Session info: chrome=138.0.7204.157)

/home/rynrd/Documents/Project/agent/inspekorat/vendor/php-webdriver/webdriver/lib/Exception/WebDriverException.php:98
/home/rynrd/Documents/Project/agent/inspekorat/vendor/php-webdriver/webdriver/lib/Remote/HttpCommandExecutor.php:359
/home/rynrd/Documents/Project/agent/inspekorat/vendor/php-webdriver/webdriver/lib/Remote/RemoteWebDriver.php:601
/home/rynrd/Documents/Project/agent/inspekorat/vendor/php-webdriver/webdriver/lib/Remote/RemoteExecuteMethod.php:23
/home/rynrd/Documents/Project/agent/inspekorat/vendor/php-webdriver/webdriver/lib/Remote/RemoteWebElement.php:62
/home/rynrd/Documents/Project/agent/inspekorat/vendor/laravel/dusk/src/Concerns/InteractsWithElements.php:125
/home/rynrd/Documents/Project/agent/inspekorat/tests/Browser/Admin/BeritaTest.php:563
/home/rynrd/Documents/Project/agent/inspekorat/vendor/laravel/dusk/src/Concerns/ProvidesBrowser.php:70
/home/rynrd/Documents/Project/agent/inspekorat/tests/Browser/Admin/BeritaTest.php:560</error>
        </testcase>
        <testcase name="testBeritaStoreValidation" file="/home/rynrd/Documents/Project/agent/inspekorat/tests/Browser/Admin/BeritaTest.php" line="168" class="Tests\Browser\Admin\BeritaTest" classname="Tests.Browser.Admin.BeritaTest" assertions="0" time="13.030068">
          <error type="InvalidArgumentException">Tests\Browser\Admin\BeritaTest::testBeritaStoreValidation
InvalidArgumentException: Unable to locate button [Simpan].

/home/rynrd/Documents/Project/agent/inspekorat/vendor/laravel/dusk/src/ElementResolver.php:248
/home/rynrd/Documents/Project/agent/inspekorat/vendor/laravel/dusk/src/Concerns/InteractsWithElements.php:315
/home/rynrd/Documents/Project/agent/inspekorat/tests/Browser/Admin/BeritaTest.php:173
/home/rynrd/Documents/Project/agent/inspekorat/vendor/laravel/dusk/src/Concerns/ProvidesBrowser.php:70
/home/rynrd/Documents/Project/agent/inspekorat/tests/Browser/Admin/BeritaTest.php:170</error>
        </testcase>
        <testcase name="testBeritaBulkActions" file="/home/rynrd/Documents/Project/agent/inspekorat/tests/Browser/Admin/BeritaTest.php" line="410" class="Tests\Browser\Admin\BeritaTest" classname="Tests.Browser.Admin.BeritaTest" assertions="0" time="13.271873">
          <error type="Facebook\WebDriver\Exception\NoSuchElementException">Tests\Browser\Admin\BeritaTest::testBeritaBulkActions
Facebook\WebDriver\Exception\NoSuchElementException: no such element: Unable to locate element: {"method":"css selector","selector":"body select-all"}
  (Session info: chrome=138.0.7204.157)

/home/rynrd/Documents/Project/agent/inspekorat/vendor/php-webdriver/webdriver/lib/Exception/WebDriverException.php:120
/home/rynrd/Documents/Project/agent/inspekorat/vendor/php-webdriver/webdriver/lib/Remote/HttpCommandExecutor.php:359
/home/rynrd/Documents/Project/agent/inspekorat/vendor/php-webdriver/webdriver/lib/Remote/RemoteWebDriver.php:601
/home/rynrd/Documents/Project/agent/inspekorat/vendor/php-webdriver/webdriver/lib/Remote/RemoteWebDriver.php:217
/home/rynrd/Documents/Project/agent/inspekorat/vendor/laravel/dusk/src/ElementResolver.php:372
/home/rynrd/Documents/Project/agent/inspekorat/vendor/laravel/dusk/src/ElementResolver.php:351
/home/rynrd/Documents/Project/agent/inspekorat/vendor/laravel/dusk/src/ElementResolver.php:188
/home/rynrd/Documents/Project/agent/inspekorat/vendor/laravel/dusk/src/Concerns/InteractsWithElements.php:264
/home/rynrd/Documents/Project/agent/inspekorat/tests/Browser/Admin/BeritaTest.php:415
/home/rynrd/Documents/Project/agent/inspekorat/vendor/laravel/dusk/src/Concerns/ProvidesBrowser.php:70
/home/rynrd/Documents/Project/agent/inspekorat/tests/Browser/Admin/BeritaTest.php:412</error>
        </testcase>
        <testcase name="testBeritaResponsiveDesign" file="/home/rynrd/Documents/Project/agent/inspekorat/tests/Browser/Admin/BeritaTest.php" line="426" class="Tests\Browser\Admin\BeritaTest" classname="Tests.Browser.Admin.BeritaTest" assertions="4" time="3.238878">
          <error type="Illuminate\Database\QueryException">Tests\Browser\Admin\BeritaTest::testBeritaResponsiveDesign
Illuminate\Database\QueryException: SQLSTATE[01000]: Warning: 1265 Data truncated for column 'role' at row 1 (Connection: mysql, SQL: alter table `users` modify `role` enum('admin', 'super_admin') not null default 'admin')

/home/rynrd/Documents/Project/agent/inspekorat/vendor/laravel/framework/src/Illuminate/Database/Connection.php:822
/home/rynrd/Documents/Project/agent/inspekorat/vendor/laravel/framework/src/Illuminate/Database/Connection.php:776
/home/rynrd/Documents/Project/agent/inspekorat/vendor/laravel/framework/src/Illuminate/Database/Connection.php:557
/home/rynrd/Documents/Project/agent/inspekorat/vendor/laravel/framework/src/Illuminate/Database/Schema/Blueprint.php:119
/home/rynrd/Documents/Project/agent/inspekorat/vendor/laravel/framework/src/Illuminate/Database/Schema/Builder.php:618
/home/rynrd/Documents/Project/agent/inspekorat/vendor/laravel/framework/src/Illuminate/Database/Schema/Builder.php:460
/home/rynrd/Documents/Project/agent/inspekorat/vendor/laravel/framework/src/Illuminate/Support/Facades/Facade.php:361
/home/rynrd/Documents/Project/agent/inspekorat/database/migrations/2025_07_07_152631_update_users_table_role_column.php:47
/home/rynrd/Documents/Project/agent/inspekorat/vendor/laravel/framework/src/Illuminate/Database/Migrations/Migrator.php:514
/home/rynrd/Documents/Project/agent/inspekorat/vendor/laravel/framework/src/Illuminate/Database/Migrations/Migrator.php:439
/home/rynrd/Documents/Project/agent/inspekorat/vendor/laravel/framework/src/Illuminate/Database/Migrations/Migrator.php:448
/home/rynrd/Documents/Project/agent/inspekorat/vendor/laravel/framework/src/Illuminate/Database/Migrations/Migrator.php:414
/home/rynrd/Documents/Project/agent/inspekorat/vendor/laravel/framework/src/Illuminate/Console/View/Components/Task.php:41
/home/rynrd/Documents/Project/agent/inspekorat/vendor/laravel/framework/src/Illuminate/Database/Migrations/Migrator.php:805
/home/rynrd/Documents/Project/agent/inspekorat/vendor/laravel/framework/src/Illuminate/Database/Migrations/Migrator.php:414
/home/rynrd/Documents/Project/agent/inspekorat/vendor/laravel/framework/src/Illuminate/Database/Migrations/Migrator.php:337
/home/rynrd/Documents/Project/agent/inspekorat/vendor/laravel/framework/src/Illuminate/Database/Migrations/Migrator.php:281
/home/rynrd/Documents/Project/agent/inspekorat/vendor/laravel/framework/src/Illuminate/Database/Console/Migrations/RollbackCommand.php:63
/home/rynrd/Documents/Project/agent/inspekorat/vendor/laravel/framework/src/Illuminate/Database/Migrations/Migrator.php:665
/home/rynrd/Documents/Project/agent/inspekorat/vendor/laravel/framework/src/Illuminate/Database/Console/Migrations/RollbackCommand.php:62
/home/rynrd/Documents/Project/agent/inspekorat/vendor/laravel/framework/src/Illuminate/Container/BoundMethod.php:36
/home/rynrd/Documents/Project/agent/inspekorat/vendor/laravel/framework/src/Illuminate/Container/Util.php:43
/home/rynrd/Documents/Project/agent/inspekorat/vendor/laravel/framework/src/Illuminate/Container/BoundMethod.php:96
/home/rynrd/Documents/Project/agent/inspekorat/vendor/laravel/framework/src/Illuminate/Container/BoundMethod.php:35
/home/rynrd/Documents/Project/agent/inspekorat/vendor/laravel/framework/src/Illuminate/Container/Container.php:754
/home/rynrd/Documents/Project/agent/inspekorat/vendor/laravel/framework/src/Illuminate/Console/Command.php:209
/home/rynrd/Documents/Project/agent/inspekorat/vendor/symfony/console/Command/Command.php:318
/home/rynrd/Documents/Project/agent/inspekorat/vendor/laravel/framework/src/Illuminate/Console/Command.php:178
/home/rynrd/Documents/Project/agent/inspekorat/vendor/symfony/console/Application.php:1092
/home/rynrd/Documents/Project/agent/inspekorat/vendor/symfony/console/Application.php:341
/home/rynrd/Documents/Project/agent/inspekorat/vendor/symfony/console/Application.php:192
/home/rynrd/Documents/Project/agent/inspekorat/vendor/laravel/framework/src/Illuminate/Console/Application.php:165
/home/rynrd/Documents/Project/agent/inspekorat/vendor/laravel/framework/src/Illuminate/Foundation/Console/Kernel.php:426
/home/rynrd/Documents/Project/agent/inspekorat/vendor/laravel/framework/src/Illuminate/Testing/PendingCommand.php:330
/home/rynrd/Documents/Project/agent/inspekorat/vendor/laravel/framework/src/Illuminate/Testing/PendingCommand.php:533
/home/rynrd/Documents/Project/agent/inspekorat/vendor/laravel/framework/src/Illuminate/Foundation/Testing/Concerns/InteractsWithConsole.php:87
/home/rynrd/Documents/Project/agent/inspekorat/vendor/laravel/framework/src/Illuminate/Foundation/Testing/DatabaseMigrations.php:24
/home/rynrd/Documents/Project/agent/inspekorat/vendor/laravel/framework/src/Illuminate/Foundation/Testing/Concerns/InteractsWithTestCaseLifecycle.php:295
/home/rynrd/Documents/Project/agent/inspekorat/vendor/laravel/framework/src/Illuminate/Foundation/Testing/Concerns/InteractsWithTestCaseLifecycle.php:117
/home/rynrd/Documents/Project/agent/inspekorat/vendor/laravel/framework/src/Illuminate/Foundation/Testing/TestCase.php:66</error>
        </testcase>
        <testcase name="testBeritaScheduledPublishing" file="/home/rynrd/Documents/Project/agent/inspekorat/tests/Browser/Admin/BeritaTest.php" line="493" class="Tests\Browser\Admin\BeritaTest" classname="Tests.Browser.Admin.BeritaTest" assertions="0" time="4.474926">
          <error type="Facebook\WebDriver\Exception\NoSuchElementException">Tests\Browser\Admin\BeritaTest::testBeritaScheduledPublishing
Facebook\WebDriver\Exception\NoSuchElementException: no such element: Unable to locate element: {"method":"css selector","selector":"body isi"}
  (Session info: chrome=138.0.7204.157)

/home/rynrd/Documents/Project/agent/inspekorat/vendor/php-webdriver/webdriver/lib/Exception/WebDriverException.php:120
/home/rynrd/Documents/Project/agent/inspekorat/vendor/php-webdriver/webdriver/lib/Remote/HttpCommandExecutor.php:359
/home/rynrd/Documents/Project/agent/inspekorat/vendor/php-webdriver/webdriver/lib/Remote/RemoteWebDriver.php:601
/home/rynrd/Documents/Project/agent/inspekorat/vendor/php-webdriver/webdriver/lib/Remote/RemoteWebDriver.php:217
/home/rynrd/Documents/Project/agent/inspekorat/vendor/laravel/dusk/src/ElementResolver.php:372
/home/rynrd/Documents/Project/agent/inspekorat/vendor/laravel/dusk/src/ElementResolver.php:351
/home/rynrd/Documents/Project/agent/inspekorat/vendor/laravel/dusk/src/ElementResolver.php:89
/home/rynrd/Documents/Project/agent/inspekorat/vendor/laravel/dusk/src/Concerns/InteractsWithElements.php:125
/home/rynrd/Documents/Project/agent/inspekorat/tests/Browser/Admin/BeritaTest.php:501
/home/rynrd/Documents/Project/agent/inspekorat/vendor/laravel/dusk/src/Concerns/ProvidesBrowser.php:70
/home/rynrd/Documents/Project/agent/inspekorat/tests/Browser/Admin/BeritaTest.php:495</error>
        </testcase>
        <testcase name="testBeritaSearch" file="/home/rynrd/Documents/Project/agent/inspekorat/tests/Browser/Admin/BeritaTest.php" line="100" class="Tests\Browser\Admin\BeritaTest" classname="Tests.Browser.Admin.BeritaTest" assertions="0" time="3.299809">
          <error type="InvalidArgumentException">Tests\Browser\Admin\BeritaTest::testBeritaSearch
InvalidArgumentException: Unable to locate button [Search].

/home/rynrd/Documents/Project/agent/inspekorat/vendor/laravel/dusk/src/ElementResolver.php:248
/home/rynrd/Documents/Project/agent/inspekorat/vendor/laravel/dusk/src/Concerns/InteractsWithElements.php:315
/home/rynrd/Documents/Project/agent/inspekorat/tests/Browser/Admin/BeritaTest.php:106
/home/rynrd/Documents/Project/agent/inspekorat/vendor/laravel/dusk/src/Concerns/ProvidesBrowser.php:70
/home/rynrd/Documents/Project/agent/inspekorat/tests/Browser/Admin/BeritaTest.php:102</error>
        </testcase>
        <testcase name="testBeritaStore" file="/home/rynrd/Documents/Project/agent/inspekorat/tests/Browser/Admin/BeritaTest.php" line="142" class="Tests\Browser\Admin\BeritaTest" classname="Tests.Browser.Admin.BeritaTest" assertions="0" time="3.588955">
          <error type="Facebook\WebDriver\Exception\NoSuchElementException">Tests\Browser\Admin\BeritaTest::testBeritaStore
Facebook\WebDriver\Exception\NoSuchElementException: no such element: Unable to locate element: {"method":"css selector","selector":"body isi"}
  (Session info: chrome=138.0.7204.157)

/home/rynrd/Documents/Project/agent/inspekorat/vendor/php-webdriver/webdriver/lib/Exception/WebDriverException.php:120
/home/rynrd/Documents/Project/agent/inspekorat/vendor/php-webdriver/webdriver/lib/Remote/HttpCommandExecutor.php:359
/home/rynrd/Documents/Project/agent/inspekorat/vendor/php-webdriver/webdriver/lib/Remote/RemoteWebDriver.php:601
/home/rynrd/Documents/Project/agent/inspekorat/vendor/php-webdriver/webdriver/lib/Remote/RemoteWebDriver.php:217
/home/rynrd/Documents/Project/agent/inspekorat/vendor/laravel/dusk/src/ElementResolver.php:372
/home/rynrd/Documents/Project/agent/inspekorat/vendor/laravel/dusk/src/ElementResolver.php:351
/home/rynrd/Documents/Project/agent/inspekorat/vendor/laravel/dusk/src/ElementResolver.php:89
/home/rynrd/Documents/Project/agent/inspekorat/vendor/laravel/dusk/src/Concerns/InteractsWithElements.php:125
/home/rynrd/Documents/Project/agent/inspekorat/tests/Browser/Admin/BeritaTest.php:150
/home/rynrd/Documents/Project/agent/inspekorat/vendor/laravel/dusk/src/Concerns/ProvidesBrowser.php:70
/home/rynrd/Documents/Project/agent/inspekorat/tests/Browser/Admin/BeritaTest.php:144</error>
        </testcase>
        <testcase name="testBeritaUpdate" file="/home/rynrd/Documents/Project/agent/inspekorat/tests/Browser/Admin/BeritaTest.php" line="229" class="Tests\Browser\Admin\BeritaTest" classname="Tests.Browser.Admin.BeritaTest" assertions="0" time="2.941480">
          <error type="Facebook\WebDriver\Exception\NoSuchElementException">Tests\Browser\Admin\BeritaTest::testBeritaUpdate
Facebook\WebDriver\Exception\NoSuchElementException: no such element: Unable to locate element: {"method":"css selector","selector":"body judul"}
  (Session info: chrome=138.0.7204.157)

/home/rynrd/Documents/Project/agent/inspekorat/vendor/php-webdriver/webdriver/lib/Exception/WebDriverException.php:120
/home/rynrd/Documents/Project/agent/inspekorat/vendor/php-webdriver/webdriver/lib/Remote/HttpCommandExecutor.php:359
/home/rynrd/Documents/Project/agent/inspekorat/vendor/php-webdriver/webdriver/lib/Remote/RemoteWebDriver.php:601
/home/rynrd/Documents/Project/agent/inspekorat/vendor/php-webdriver/webdriver/lib/Remote/RemoteWebDriver.php:217
/home/rynrd/Documents/Project/agent/inspekorat/vendor/laravel/dusk/src/ElementResolver.php:372
/home/rynrd/Documents/Project/agent/inspekorat/vendor/laravel/dusk/src/ElementResolver.php:351
/home/rynrd/Documents/Project/agent/inspekorat/vendor/laravel/dusk/src/ElementResolver.php:89
/home/rynrd/Documents/Project/agent/inspekorat/vendor/laravel/dusk/src/Concerns/InteractsWithElements.php:188
/home/rynrd/Documents/Project/agent/inspekorat/tests/Browser/Admin/BeritaTest.php:236
/home/rynrd/Documents/Project/agent/inspekorat/vendor/laravel/dusk/src/Concerns/ProvidesBrowser.php:70
/home/rynrd/Documents/Project/agent/inspekorat/tests/Browser/Admin/BeritaTest.php:233</error>
        </testcase>
        <testcase name="testBeritaCategoryFilter" file="/home/rynrd/Documents/Project/agent/inspekorat/tests/Browser/Admin/BeritaTest.php" line="274" class="Tests\Browser\Admin\BeritaTest" classname="Tests.Browser.Admin.BeritaTest" assertions="0" time="13.352171">
          <error type="InvalidArgumentException">Tests\Browser\Admin\BeritaTest::testBeritaCategoryFilter
InvalidArgumentException: Unable to locate button [Filter].

/home/rynrd/Documents/Project/agent/inspekorat/vendor/laravel/dusk/src/ElementResolver.php:248
/home/rynrd/Documents/Project/agent/inspekorat/vendor/laravel/dusk/src/Concerns/InteractsWithElements.php:315
/home/rynrd/Documents/Project/agent/inspekorat/tests/Browser/Admin/BeritaTest.php:280
/home/rynrd/Documents/Project/agent/inspekorat/vendor/laravel/dusk/src/Concerns/ProvidesBrowser.php:70
/home/rynrd/Documents/Project/agent/inspekorat/tests/Browser/Admin/BeritaTest.php:276</error>
        </testcase>
        <testcase name="testBeritaRichTextEditor" file="/home/rynrd/Documents/Project/agent/inspekorat/tests/Browser/Admin/BeritaTest.php" line="345" class="Tests\Browser\Admin\BeritaTest" classname="Tests.Browser.Admin.BeritaTest" assertions="1" time="3.046921">
          <failure type="PHPUnit\Framework\ExpectationFailedException">Tests\Browser\Admin\BeritaTest::testBeritaRichTextEditor
Element [body .rich-text-editor] is not present.
Failed asserting that false is true.

/home/rynrd/Documents/Project/agent/inspekorat/vendor/laravel/dusk/src/Concerns/MakesAssertions.php:919
/home/rynrd/Documents/Project/agent/inspekorat/tests/Browser/Admin/BeritaTest.php:350
/home/rynrd/Documents/Project/agent/inspekorat/vendor/laravel/dusk/src/Concerns/ProvidesBrowser.php:70
/home/rynrd/Documents/Project/agent/inspekorat/tests/Browser/Admin/BeritaTest.php:347</failure>
        </testcase>
      </testsuite>
    </testsuite>
  </testsuite>
</testsuites>
